CES DesignCapture Interface Log
----------------------------------

Tue Nov 02 10:34:42 2021

Note: Exporting data to project C:\Mentor_proj\408\408.cdb\Layout\\..\..\408.prj
Note: Export completed successfully.
Tue Nov 02 11:58:51 2021

Note: Exporting data to project C:\Mentor_proj\408\408.cdb\Layout\\..\..\408.prj
Note: Export completed successfully.
Tue Nov 02 12:18:44 2021

Note: Exporting data to project C:\Mentor_proj\408\408.cdb\Layout\\..\..\408.prj
Note: Export completed successfully.
Tue Nov 02 12:19:59 2021

Note: Exporting data to project C:\Mentor_proj\408\408.cdb\Layout\\..\..\408.prj
Note: Export completed successfully.
Tue Nov 02 12:20:59 2021

Note: Exporting data to project C:\Mentor_proj\408\408.cdb\Layout\\..\..\408.prj
Note: Export completed successfully.
Tue Nov 02 12:26:56 2021

Note: Exporting data to project C:\Mentor_proj\408\408.cdb\Layout\\..\..\408.prj
Note: Export completed successfully.
Tue Nov 02 22:04:08 2021

Note: Exporting data to project C:\Mentor_proj\408\408.cdb\Layout\\..\..\408.prj
Note: Export completed successfully.
Tue Nov 02 22:20:03 2021

Note: Exporting data to project C:\Mentor_proj\408\408.cdb\Layout\\..\..\408.prj
Note: Export completed successfully.
Tue Nov 02 23:38:49 2021

Note: Exporting data to project C:\Mentor_proj\408\408.cdb\Layout\\..\..\408.prj
Note: Export completed successfully.
Tue Nov 02 23:44:36 2021

Note: Exporting data to project C:\Mentor_proj\408\408.cdb\Layout\\..\..\408.prj
Note: Export completed successfully.
Wed Nov 03 09:39:58 2021

Note: Exporting data to project C:\Mentor_proj\408\408.cdb\Layout\\..\..\408.prj
Note: Export completed successfully.
Wed Nov 03 11:15:11 2021

Note: Exporting data to project C:\Mentor_proj\408\408.cdb\Layout\\..\..\408.prj
Note: Export completed successfully.
Wed Nov 03 12:02:35 2021

Note: Exporting data to project C:\Mentor_proj\408\408.cdb\Layout\\..\..\408.prj
Note: Export completed successfully.
Wed Nov 03 12:41:37 2021

Note: Exporting data to project C:\Mentor_proj\408\408.cdb\Layout\\..\..\408.prj
Note: Export completed successfully.
Wed Nov 03 12:59:55 2021

Note: Exporting data to project C:\Mentor_proj\408\408.cdb\Layout\\..\..\408.prj
Note: Export completed successfully.
Wed Nov 03 16:33:18 2021

Note: Exporting data to project C:\Mentor_proj\408\408.cdb\Layout\\..\..\408.prj
Note: Export completed successfully.
Wed Nov 03 16:38:59 2021

Note: Exporting data to project C:\Mentor_proj\408\408.cdb\Layout\\..\..\408.prj
Note: Export completed successfully.
Wed Nov 03 17:37:16 2021

Note: Exporting data to project C:\Mentor_proj\408\408.cdb\Layout\\..\..\408.prj
Note: Export completed successfully.
Wed Nov 03 17:55:44 2021

Note: Exporting data to project C:\Mentor_proj\408\408.cdb\Layout\\..\..\408.prj
Note: Export completed successfully.
Wed Nov 03 18:12:46 2021

Note: Exporting data to project C:\Mentor_proj\408\408.cdb\Layout\\..\..\408.prj
Note: Export completed successfully.
Wed Nov 03 18:50:19 2021

Note: Exporting data to project C:\Mentor_proj\408\408.cdb\Layout\\..\..\408.prj
Note: Export completed successfully.
Thu Nov 04 06:27:30 2021

Note: Exporting data to project C:\Mentor_proj\408\408.cdb\Layout\\..\..\408.prj
Note: Export completed successfully.
Thu Nov 04 07:19:34 2021

Note: Exporting data to project C:\Mentor_proj\408\408.cdb\Layout\\..\..\408.prj
Note: Export completed successfully.
Thu Nov 04 08:29:24 2021

Note: Exporting data to project C:\Mentor_proj\408\408.cdb\Layout\\..\..\408.prj
Note: Export completed successfully.
Fri Nov 12 18:51:12 2021

Note: Updating from project 'C:\Mentor_proj\408\408.cdb\Layout\\..\..\408.prj'.
Fri Nov 12 18:51:12 2021

Note: Importing from project 'C:\Mentor_proj\408\408.cdb\Layout\\..\..\408.prj'.
Note: Import successful.
Note: Update successful.
Note: Exporting data to project C:\Mentor_proj\408\408.cdb\Layout\\..\..\408.prj
Note: Export completed successfully.
Fri Nov 12 18:56:48 2021

Note: Exporting data to project C:\Mentor_proj\408\408.cdb\Layout\\..\..\408.prj
Note: Export completed successfully.
Thu Nov 25 16:46:46 2021

Note: Exporting data to project C:\Mentor_proj\408\408.cdb\Layout\\..\..\408.prj
Note: Export completed successfully.
Thu Nov 25 17:19:47 2021

Note: Exporting data to project C:\Mentor_proj\408\408.cdb\Layout\\..\..\408.prj
Note: Export completed successfully.
Thu Nov 25 18:21:05 2021

Note: Exporting data to project C:\Mentor_proj\408\408.cdb\Layout\\..\..\408.prj
Note: Export completed successfully.
Fri Nov 26 13:31:50 2021

Note: Exporting data to project C:\Mentor_proj\408\408.cdb\Layout\\..\..\408.prj
Note: Export completed successfully.
Fri Nov 26 13:50:26 2021

Note: Exporting data to project C:\Mentor_proj\408\408.cdb\Layout\\..\..\408.prj
Note: Export completed successfully.
Fri Nov 26 14:01:04 2021

Note: Exporting data to project C:\Mentor_proj\408\408.cdb\Layout\\..\..\408.prj
Note: Export completed successfully.
Fri Nov 26 16:50:39 2021

Note: Exporting data to project C:\Mentor_proj\408\408.cdb\Layout\\..\..\408.prj
Note: Export completed successfully.
Fri Nov 26 17:28:19 2021

Note: Exporting data to project C:\Mentor_proj\408\408.cdb\Layout\\..\..\408.prj
Note: Export completed successfully.
Sat Nov 27 11:31:43 2021

Note: Exporting data to project C:\Mentor_proj\408\408.cdb\Layout\\..\..\408.prj
Note: Export completed successfully.
Sat Nov 27 13:21:11 2021

Note: Exporting data to project C:\Mentor_proj\408\408.cdb\Layout\\..\..\408.prj
Note: Export completed successfully.
Sat Nov 27 13:33:41 2021

Note: Exporting data to project C:\Mentor_proj\408\408.cdb\Layout\\..\..\408.prj
Note: Export completed successfully.
Sat Nov 27 14:37:53 2021

Note: Exporting data to project C:\Mentor_proj\408\408.cdb\Layout\\..\..\408.prj
Note: Export completed successfully.
Tue Nov 30 11:31:11 2021

Note: Exporting data to project C:\Mentor_proj\408\408.cdb\Layout\\..\..\408.prj
Note: Export completed successfully.
Tue Nov 30 11:58:28 2021

Note: Exporting data to project C:\Mentor_proj\408\408.cdb\Layout\\..\..\408.prj
Note: Export completed successfully.
Tue Nov 30 12:36:18 2021

Note: Exporting data to project C:\Mentor_proj\408\408.cdb\Layout\\..\..\408.prj
Note: Export completed successfully.
Tue Nov 30 13:40:58 2021

Note: Exporting data to project C:\Mentor_proj\408\408.cdb\Layout\\..\..\408.prj
Note: Export completed successfully.
Tue Nov 30 13:41:07 2021

Note: Updating from project 'C:\Mentor_proj\408\408.cdb\Layout\\..\..\408.prj'.
Tue Nov 30 13:41:07 2021

Note: Importing from project 'C:\Mentor_proj\408\408.cdb\Layout\\..\..\408.prj'.
Note: Import successful.
Note: Update successful.
Note: Update successful.
Note: Exporting data to project C:\Mentor_proj\408\408.cdb\Layout\\..\..\408.prj
Note: Export completed successfully.
Tue Nov 30 13:44:54 2021

Note: Exporting data to project C:\Mentor_proj\408\408.cdb\Layout\\..\..\408.prj
Note: Export completed successfully.
Tue Nov 30 16:33:47 2021

Note: Exporting data to project C:\Mentor_proj\408\408.cdb\Layout\\..\..\408.prj
Note: Export completed successfully.
Tue Nov 30 17:55:47 2021

Note: Exporting data to project C:\Mentor_proj\408\408.cdb\Layout\\..\..\408.prj
Note: Export completed successfully.
Tue Nov 30 18:09:59 2021

Note: Exporting data to project C:\Mentor_proj\408\408.cdb\Layout\\..\..\408.prj
Note: Export completed successfully.
Tue Nov 30 18:17:41 2021

Note: Exporting data to project C:\Mentor_proj\408\408.cdb\Layout\\..\..\408.prj
Note: Export completed successfully.
Tue Nov 30 18:22:34 2021

Note: Exporting data to project C:\Mentor_proj\408\408.cdb\Layout\\..\..\408.prj
Note: Export completed successfully.
Tue Nov 30 18:52:25 2021

Note: Exporting data to project C:\Mentor_proj\408\408.cdb\Layout\\..\..\408.prj
Note: Export completed successfully.
Tue Nov 30 19:37:13 2021

Note: Exporting data to project C:\Mentor_proj\408\408.cdb\Layout\\..\..\408.prj
Note: Export completed successfully.
Tue Nov 30 19:40:00 2021

Note: Exporting data to project C:\Mentor_proj\408\408.cdb\Layout\\..\..\408.prj
Note: Export completed successfully.
Tue Nov 30 19:42:32 2021

Note: Exporting data to project C:\Mentor_proj\408\408.cdb\Layout\\..\..\408.prj
Note: Export completed successfully.
Tue Nov 30 20:09:31 2021

Note: Exporting data to project C:\Mentor_proj\408\408.cdb\Layout\\..\..\408.prj
Note: Export completed successfully.
Wed Dec 01 12:59:10 2021

Note: Updating from project 'C:\Mentor_proj\408\408.cdb\Layout\\..\..\408.prj'.
Wed Dec 01 12:59:10 2021

Note: Importing from project 'C:\Mentor_proj\408\408.cdb\Layout\\..\..\408.prj'.
Note: Import successful.
Note: Update successful.
Note: Exporting data to project C:\Mentor_proj\408\408.cdb\Layout\\..\..\408.prj
Note: Export completed successfully.
Wed Dec 01 13:29:43 2021

Note: Exporting data to project C:\Mentor_proj\408\408.cdb\Layout\\..\..\408.prj
Note: Export completed successfully.
Wed Dec 01 18:48:22 2021

Note: Exporting data to project C:\Mentor_proj\408\408.cdb\Layout\\..\..\408.prj
Note: Export completed successfully.
Wed Dec 01 18:51:28 2021

Note: Exporting data to project C:\Mentor_proj\408\408.cdb\Layout\\..\..\408.prj
Note: Export completed successfully.
Wed Dec 01 20:17:16 2021

Note: Exporting data to project C:\Mentor_proj\408\408.cdb\Layout\\..\..\408.prj
Note: Export completed successfully.
Wed Dec 01 20:21:43 2021

Note: Exporting data to project C:\Mentor_proj\408\408.cdb\Layout\\..\..\408.prj
Note: Export completed successfully.
Wed Dec 01 22:20:56 2021

Note: Exporting data to project C:\Mentor_proj\408\408.cdb\Layout\\..\..\408.prj
Note: Export completed successfully.
Mon Dec 06 14:20:25 2021

Note: Exporting data to project C:\Mentor_proj\408\408.cdb\Layout\\..\..\408.prj
Note: Export completed successfully.
Mon Dec 06 14:30:43 2021

Note: Exporting data to project C:\Mentor_proj\408\408.cdb\Layout\\..\..\408.prj
Note: Export completed successfully.
Mon Dec 06 14:38:04 2021

Note: Exporting data to project C:\Mentor_proj\408\408.cdb\Layout\\..\..\408.prj
Note: Export completed successfully.
Mon Dec 06 14:58:50 2021

Note: Exporting data to project C:\Mentor_proj\408\408.cdb\Layout\\..\..\408.prj
Note: Export completed successfully.
Mon Dec 06 15:09:03 2021

Note: Exporting data to project C:\Mentor_proj\408\408.cdb\Layout\\..\..\408.prj
Note: Export completed successfully.
Mon Dec 06 16:44:30 2021

Note: Exporting data to project C:\Mentor_proj\408\408.cdb\Layout\\..\..\408.prj
Note: Export completed successfully.
Mon Dec 06 17:00:06 2021

Note: Exporting data to project C:\Mentor_proj\408\408.cdb\Layout\\..\..\408.prj
Note: Export completed successfully.
Mon Dec 06 17:10:42 2021

Note: Exporting data to project C:\Mentor_proj\408\408.cdb\Layout\\..\..\408.prj
Note: Export completed successfully.
Tue Dec 07 12:07:24 2021

Note: Exporting data to project C:\Mentor_proj\408\408.cdb\Layout\\..\..\408.prj
Note: Export completed successfully.
Tue Dec 07 12:49:51 2021

Note: Exporting data to project C:\Mentor_proj\408\408.cdb\Layout\\..\..\408.prj
Note: Export completed successfully.
Tue Dec 07 14:11:09 2021

Note: Exporting data to project C:\Mentor_proj\408\408.cdb\Layout\\..\..\408.prj
Note: Export completed successfully.
Tue Dec 07 14:23:22 2021

Note: Exporting data to project C:\Mentor_proj\408\408.cdb\Layout\\..\..\408.prj
Note: Export completed successfully.
Tue Dec 07 14:48:32 2021

Note: Exporting data to project C:\Mentor_proj\408\408.cdb\Layout\\..\..\408.prj
Note: Export completed successfully.
Tue Dec 07 15:10:58 2021

Note: Exporting data to project C:\Mentor_proj\408\408.cdb\Layout\\..\..\408.prj
Note: Export completed successfully.
Tue Dec 07 15:53:56 2021

Note: Exporting data to project C:\Mentor_proj\408\408.cdb\Layout\\..\..\408.prj
Note: Export completed successfully.
Tue Dec 07 16:28:29 2021

Note: Exporting data to project C:\Mentor_proj\408\408.cdb\Layout\\..\..\408.prj
Note: Export completed successfully.
Tue Dec 07 16:31:04 2021

Note: Exporting data to project C:\Mentor_proj\408\408.cdb\Layout\\..\..\408.prj
Note: Export completed successfully.
Tue Dec 07 18:08:32 2021

Note: Exporting data to project C:\Mentor_proj\408\408.cdb\Layout\\..\..\408.prj
Note: Export completed successfully.
Wed Dec 08 12:34:27 2021

Note: Exporting data to project C:\Mentor_proj\408\408.cdb\Layout\\..\..\408.prj
Note: Export completed successfully.
Wed Dec 08 13:34:45 2021

Note: Exporting data to project C:\Mentor_proj\408\408.cdb\Layout\\..\..\408.prj
Note: Export completed successfully.
Wed Dec 08 14:02:42 2021

Note: Exporting data to project C:\Mentor_proj\408\408.cdb\Layout\\..\..\408.prj
Note: Export completed successfully.
Wed Dec 08 16:09:24 2021

Note: Exporting data to project C:\Mentor_proj\408\408.cdb\Layout\\..\..\408.prj
Note: Export completed successfully.
Wed Dec 08 16:45:49 2021

Note: Exporting data to project C:\Mentor_proj\408\408.cdb\Layout\\..\..\408.prj
Note: Export completed successfully.
Wed Dec 08 16:47:16 2021

Note: Updating from project 'C:\Mentor_proj\408\408.cdb\Layout\\..\..\408.prj'.
Wed Dec 08 16:47:16 2021

Note: Importing from project 'C:\Mentor_proj\408\408.cdb\Layout\\..\..\408.prj'.
Note: Import successful.
Note: Update successful.
Note: Update successful.
Note: Exporting data to project C:\Mentor_proj\408\408.cdb\Layout\\..\..\408.prj
Note: Export completed successfully.
Wed Dec 08 16:51:14 2021

Note: Exporting data to project C:\Mentor_proj\408\408.cdb\Layout\\..\..\408.prj
Note: Export completed successfully.
Wed Dec 08 17:31:39 2021

Note: Exporting data to project C:\Mentor_proj\408\408.cdb\Layout\\..\..\408.prj
Note: Export completed successfully.
Wed Dec 08 19:03:57 2021

Note: Exporting data to project C:\Mentor_proj\408\408.cdb\Layout\\..\..\408.prj
Note: Export completed successfully.
Wed Dec 08 22:43:39 2021

Note: Exporting data to project C:\Mentor_proj\408\408.cdb\Layout\\..\..\408.prj
Note: Export completed successfully.
Thu Dec 09 12:52:01 2021

Note: Exporting data to project C:\Mentor_proj\408\408.cdb\Layout\\..\..\408.prj
Note: Export completed successfully.
Thu Dec 09 17:54:11 2021

Note: Exporting data to project C:\Mentor_proj\408\408.cdb\Layout\\..\..\408.prj
Note: Export completed successfully.
Thu Dec 09 19:42:49 2021

Note: Exporting data to project C:\Mentor_proj\408\408.cdb\Layout\\..\..\408.prj
Note: Export completed successfully.
Thu Dec 09 20:35:29 2021

Note: Exporting data to project C:\Mentor_proj\408\408.cdb\Layout\\..\..\408.prj
Note: Export completed successfully.
Fri Dec 10 11:14:37 2021

Note: Exporting data to project C:\Mentor_proj\408\408.cdb\Layout\\..\..\408.prj
Note: Export completed successfully.
Fri Dec 10 11:47:36 2021

Note: Exporting data to project C:\Mentor_proj\408\408.cdb\Layout\\..\..\408.prj
Note: Export completed successfully.
Fri Dec 10 11:59:12 2021

Note: Exporting data to project C:\Mentor_proj\408\408.cdb\Layout\\..\..\408.prj
Note: Export completed successfully.
Fri Dec 10 12:25:11 2021

Note: Exporting data to project C:\Mentor_proj\408\408.cdb\Layout\\..\..\408.prj
Note: Export completed successfully.
Fri Dec 10 14:49:24 2021

Note: Exporting data to project C:\Mentor_proj\408\408.cdb\Layout\\..\..\408.prj
Note: Export completed successfully.
Fri Dec 10 15:07:00 2021

Note: Exporting data to project C:\Mentor_proj\408\408.cdb\Layout\\..\..\408.prj
Note: Export completed successfully.
Fri Dec 10 15:22:18 2021

Note: Exporting data to project C:\Mentor_proj\408\408.cdb\Layout\\..\..\408.prj
Note: Export completed successfully.
Fri Dec 10 15:59:07 2021

Note: Exporting data to project C:\Mentor_proj\408\408.cdb\Layout\\..\..\408.prj
Note: Export completed successfully.
Thu Dec 16 13:59:03 2021

Note: Exporting data to project C:\Mentor_proj\408\408.cdb\Layout\\..\..\408.prj
Note: Export completed successfully.
Thu Dec 16 15:30:44 2021

Note: Exporting data to project C:\Mentor_proj\408\408.cdb\Layout\\..\..\408.prj
Note: Export completed successfully.
Mon Jan 03 11:12:27 2022

Note: Exporting data to project C:\Mentor_proj\408\408.cdb\Layout\\..\..\408.prj
Note: Export completed successfully.
Thu Jan 06 14:53:59 2022

Note: Exporting data to project C:\Mentor_proj\408\408.cdb\Layout\\..\..\408.prj
Note: Export completed successfully.
Fri Jan 07 14:48:02 2022

Note: Exporting data to project C:\Mentor_proj\408\408.cdb\Layout\\..\..\408.prj
Note: Export completed successfully.
Fri May 27 15:00:56 2022

Note: Exporting data to project C:\Mentor_proj\450\450.cdb\Layout\\..\..\450.prj
Note: Export completed successfully.
Sat May 28 18:40:00 2022

Note: Exporting data to project C:\Mentor_proj\450\450.cdb\Layout\\..\..\450.prj
Note: Export completed successfully.
Sat May 28 19:35:11 2022

Note: Exporting data to project C:\Mentor_proj\450\450.cdb\Layout\\..\..\450.prj
Note: Export completed successfully.
Sat May 28 20:33:55 2022

Note: Exporting data to project C:\Mentor_proj\450\450.cdb\Layout\\..\..\450.prj
Note: Export completed successfully.
Sun May 29 09:12:03 2022

Note: Exporting data to project C:\Mentor_proj\450\450.cdb\Layout\\..\..\450.prj
Note: Export completed successfully.
Sun May 29 10:50:41 2022

Note: Exporting data to project C:\Mentor_proj\450\450.cdb\Layout\\..\..\450.prj
Note: Export completed successfully.
Sun May 29 16:23:00 2022

Note: Exporting data to project C:\Mentor_proj\450\450.cdb\Layout\\..\..\450.prj
Note: Export completed successfully.
Sun May 29 17:40:22 2022

Note: Exporting data to project C:\Mentor_proj\450\450.cdb\Layout\\..\..\450.prj
Note: Export completed successfully.
Sun May 29 17:42:08 2022

Note: Exporting data to project C:\Mentor_proj\450\450.cdb\Layout\\..\..\450.prj
Note: Export completed successfully.
Sun May 29 18:03:45 2022

Note: Exporting data to project C:\Mentor_proj\450\450.cdb\Layout\\..\..\450.prj
Note: Export completed successfully.
Sun May 29 18:07:10 2022

Note: Exporting data to project C:\Mentor_proj\450\450.cdb\Layout\\..\..\450.prj
Note: Export completed successfully.
Sun May 29 20:35:27 2022

Note: Exporting data to project C:\Mentor_proj\450\450.cdb\Layout\\..\..\450.prj
Note: Export completed successfully.
Tue May 31 13:10:49 2022

Note: Exporting data to project C:\Mentor_proj\450\450.cdb\Layout\\..\..\450.prj
Note: Export completed successfully.
Wed Jun 01 17:09:49 2022

Note: Exporting data to project C:\Mentor_proj\450\450.cdb\Layout\\..\..\450.prj
Note: Export completed successfully.
Wed Jun 01 20:06:50 2022

Note: Exporting data to project C:\Mentor_proj\450\450.cdb\Layout\\..\..\450.prj
Note: Export completed successfully.
Wed Jun 01 20:47:50 2022

Note: Exporting data to project C:\Mentor_proj\450\450.cdb\Layout\\..\..\450.prj
Note: Export completed successfully.
Thu Jun 02 14:24:55 2022

Note: Exporting data to project C:\Mentor_proj\450\450.cdb\Layout\\..\..\450.prj
Note: Export completed successfully.
Thu Jun 02 15:21:41 2022

Note: Exporting data to project C:\Mentor_proj\450\450.cdb\Layout\\..\..\450.prj
Note: Export completed successfully.
Thu Jun 02 16:39:47 2022

Note: Exporting data to project C:\Mentor_proj\450\450.cdb\Layout\\..\..\450.prj
Note: Export completed successfully.
Thu Jun 02 16:41:48 2022

Note: Exporting data to project C:\Mentor_proj\450\450.cdb\Layout\\..\..\450.prj
Note: Export completed successfully.
Thu Jun 02 16:44:25 2022

Note: Exporting data to project C:\Mentor_proj\450\450.cdb\Layout\\..\..\450.prj
Note: Export completed successfully.
Thu Jun 02 17:48:10 2022

Note: Exporting data to project C:\Mentor_proj\450\450.cdb\Layout\\..\..\450.prj
Note: Export completed successfully.
Fri Jun 03 14:01:11 2022

Note: Exporting data to project C:\Mentor_proj\450\450.cdb\Layout\\..\..\450.prj
Note: Export completed successfully.
Fri Jun 03 15:46:44 2022

Note: Exporting data to project C:\Mentor_proj\450\450.cdb\Layout\\..\..\450.prj
Note: Export completed successfully.
Fri Jun 03 15:52:03 2022

Note: Exporting data to project C:\Mentor_proj\450\450.cdb\Layout\\..\..\450.prj
Note: Export completed successfully.
Fri Jun 03 19:22:56 2022

Note: Exporting data to project C:\Mentor_proj\450\450.cdb\Layout\\..\..\450.prj
Note: Export completed successfully.
Fri Jun 03 19:38:40 2022

Note: Exporting data to project C:\Mentor_proj\450\450.cdb\Layout\\..\..\450.prj
Note: Export completed successfully.
Fri Jun 03 19:52:20 2022

Note: Exporting data to project C:\Mentor_proj\450\450.cdb\Layout\\..\..\450.prj
Note: Export completed successfully.
Fri Jun 03 20:02:31 2022

Note: Exporting data to project C:\Mentor_proj\450\450.cdb\Layout\\..\..\450.prj
Note: Export completed successfully.
Sat Jun 04 13:46:02 2022

Note: Exporting data to project C:\Mentor_proj\450\450.cdb\Layout\\..\..\450.prj
Note: Export completed successfully.
Sat Jun 04 15:34:58 2022

Note: Exporting data to project C:\Mentor_proj\450\450.cdb\Layout\\..\..\450.prj
Note: Export completed successfully.
Mon Jun 06 11:40:36 2022

Note: Exporting data to project C:\Mentor_proj\450\450.cdb\Layout\\..\..\450.prj
Note: Export completed successfully.
Mon Jun 06 17:21:52 2022

Note: Exporting data to project C:\Mentor_proj\450\450.cdb\Layout\\..\..\450.prj
Note: Export completed successfully.
Mon Jun 06 19:42:34 2022

Note: Exporting data to project C:\Mentor_proj\450\450.cdb\Layout\\..\..\450.prj
Note: Export completed successfully.
Sat Jun 11 11:33:32 2022

Note: Exporting data to project C:\Mentor_proj\450\450.cdb\Layout\\..\..\450.prj
Note: Export completed successfully.
Sat Jun 11 11:44:54 2022

Note: Exporting data to project C:\Mentor_proj\450\450.cdb\Layout\\..\..\450.prj
Note: Export completed successfully.
Sat Jun 11 15:40:35 2022

Note: Exporting data to project C:\Mentor_proj\450\450.cdb\Layout\\..\..\450.prj
Note: Export completed successfully.
Sat Jun 11 17:25:06 2022

Note: Exporting data to project C:\Mentor_proj\450\450.cdb\Layout\\..\..\450.prj
Note: Export completed successfully.
Mon Jun 13 13:04:07 2022

Note: Exporting data to project C:\Mentor_proj\450\450.cdb\Layout\\..\..\450.prj
Note: Export completed successfully.
Thu Jun 16 12:11:52 2022

Note: Exporting data to project C:\Mentor_proj\450\450.cdb\Layout\\..\..\450.prj
Note: Export completed successfully.
Thu Jun 16 13:04:22 2022

Note: Exporting data to project C:\Mentor_proj\450\450.cdb\Layout\\..\..\450.prj
Note: Export completed successfully.
Thu Jun 16 13:30:04 2022

Note: Exporting data to project C:\Mentor_proj\450\450.cdb\Layout\\..\..\450.prj
Note: Export completed successfully.
Thu Jun 16 13:34:36 2022

Note: Exporting data to project C:\Mentor_proj\450\450.cdb\Layout\\..\..\450.prj
Note: Export completed successfully.
Thu Jun 16 13:54:41 2022

Note: Exporting data to project C:\Mentor_proj\450\450.cdb\Layout\\..\..\450.prj
Note: Export completed successfully.
Thu Jun 16 15:47:39 2022

Note: Exporting data to project C:\Mentor_proj\450\450.cdb\Layout\\..\..\450.prj
Note: Export completed successfully.
Thu Jun 16 16:17:47 2022

Note: Exporting data to project C:\Mentor_proj\450\450.cdb\Layout\\..\..\450.prj
Note: Export completed successfully.
Thu Jun 16 17:11:52 2022

Note: Exporting data to project C:\Mentor_proj\450\450.cdb\Layout\\..\..\450.prj
Note: Export completed successfully.
Mon Jul 04 13:38:37 2022

Note: Exporting data to project C:\Mentor_proj\450\450.cdb\Layout\\..\..\450.prj
Note: Export completed successfully.
Fri Dec 16 15:56:44 2022

Note: Exporting data to project C:\Mentor_proj\450\450.cdb\Layout\\..\..\450.prj
Note: Export completed successfully.
