
                           PCB ASCII to Net Class Log
                           --------------------------

                       10:19 PM Tuesday, November 02, 2021
                    Job Name: C:\Mentor_proj\408\PCB\408.pcb


Beginning Net Class ASCII Input processing..

Net Class ASCII Input processing completed.

                         PCB ASCII to Net Properties Log
                         -------------------------------

                       10:19 PM Tuesday, November 02, 2021
                    Job Name: C:\Mentor_proj\408\PCB\408.pcb


Checking for Net Properties ASCII file format errors...

There were no Net Properties ASCII file format errors.

Processing Net Properties ASCII file...

Net Properties ASCII file processed successfully.

Overwriting Net Properties DB...

Net Properties DB successfully created.

                           PCB ASCII to Net Class Log
                           --------------------------

                       06:08 PM Tuesday, December 07, 2021
                    Job Name: C:\Mentor_proj\408\PCB\408.pcb


Beginning Net Class ASCII Input processing..

Net Class ASCII Input processing completed.

                         PCB ASCII to Net Properties Log
                         -------------------------------

                       06:08 PM Tuesday, December 07, 2021
                    Job Name: C:\Mentor_proj\408\PCB\408.pcb


Checking for Net Properties ASCII file format errors...

There were no Net Properties ASCII file format errors.

Processing Net Properties ASCII file...

Net Properties ASCII file processed successfully.

Overwriting Net Properties DB...

Net Properties DB successfully created.

                           PCB ASCII to Net Class Log
                           --------------------------

                         01:38 PM Monday, July 04, 2022
                    Job Name: C:\Mentor_proj\450\PCB\450.pcb


Beginning Net Class ASCII Input processing..

Net Class ASCII Input processing completed.

                         PCB ASCII to Net Properties Log
                         -------------------------------

                         01:38 PM Monday, July 04, 2022
                    Job Name: C:\Mentor_proj\450\PCB\450.pcb


Checking for Net Properties ASCII file format errors...

There were no Net Properties ASCII file format errors.

Processing Net Properties ASCII file...

Net Properties ASCII file processed successfully.

Overwriting Net Properties DB...

Net Properties DB successfully created.
