Removed Pin From Net: NetName=NetC1_1 Pin=SW1-1
Removed Pin From Net: NetName=IO0 Pin=SW1-10
Removed Pin From Net: NetName=IO1 Pin=SW1-11
Removed Pin From Net: NetName=SCL Pin=SW1-12
Removed Pin From Net: NetName=SDA Pin=SW1-13
Removed Pin From Net: NetName=GND Pin=SW1-36
Removed Pin From Net: NetName=IO0 Pin=XS1-11
Removed Pin From Net: NetName=IO1 Pin=XS1-12
Added Component: Designator=SW1(NX3DV642)
Added Pin To Net: NetName=IO1 Pin=XS1-11
Added Pin To Net: NetName=IO0 Pin=XS1-12
Added Pin To Net: NetName=IO1 Pin=XS2-11
Added Pin To Net: NetName=IO0 Pin=XS2-12
Added Pin To Net: NetName=SCL Pin=XS2-13
Added Pin To Net: NetName=SDA Pin=XS2-14
Added Pin To Net: NetName=IO1 Pin=XS3-11
Added Pin To Net: NetName=IO0 Pin=XS3-12
Added Pin To Net: NetName=SCL Pin=XS3-13
Added Pin To Net: NetName=SDA Pin=XS3-14
Added Pin To Net: NetName=1D1_N Pin=XS2-2
Added Net: Name=1D1_N
Added Pin To Net: NetName=1D1_P Pin=XS2-3
Added Net: Name=1D1_P
Added Pin To Net: NetName=1D2_N Pin=XS3-2
Added Net: Name=1D2_N
Added Pin To Net: NetName=1D2_P Pin=XS3-3
Added Net: Name=1D2_P
Added Pin To Net: NetName=1D_N Pin=XS1-2
Added Net: Name=1D_N
Added Pin To Net: NetName=1D_P Pin=XS1-3
Added Net: Name=1D_P
Added Pin To Net: NetName=2D1_N Pin=XS2-5
Added Net: Name=2D1_N
Added Pin To Net: NetName=2D1_P Pin=XS2-6
Added Net: Name=2D1_P
Added Pin To Net: NetName=2D2_N Pin=XS3-5
Added Net: Name=2D2_N
Added Pin To Net: NetName=2D2_P Pin=XS3-6
Added Net: Name=2D2_P
Added Pin To Net: NetName=2D_N Pin=XS1-5
Added Net: Name=2D_N
Added Pin To Net: NetName=2D_P Pin=SW1-6
Added Pin To Net: NetName=2D_P Pin=SW1-6
Added Pin To Net: NetName=2D_P Pin=SW1-6
Added Pin To Net: NetName=2D_P Pin=SW1-6
Added Pin To Net: NetName=2D_P Pin=SW1-6
Added Pin To Net: NetName=2D_P Pin=SW1-6
Added Pin To Net: NetName=2D_P Pin=SW1-6
Added Pin To Net: NetName=2D_P Pin=SW1-6
Added Pin To Net: NetName=2D_P Pin=SW1-6
Added Pin To Net: NetName=2D_P Pin=SW1-6
Added Pin To Net: NetName=2D_P Pin=SW1-6
Added Pin To Net: NetName=2D_P Pin=SW1-6
Added Pin To Net: NetName=2D_P Pin=SW1-6
Added Pin To Net: NetName=2D_P Pin=SW1-6
Added Pin To Net: NetName=2D_P Pin=SW1-6
Added Pin To Net: NetName=2D_P Pin=SW1-6
Added Pin To Net: NetName=2D_P Pin=SW1-6
Added Pin To Net: NetName=2D_P Pin=SW1-6
Added Pin To Net: NetName=2D_P Pin=SW1-6
Added Pin To Net: NetName=2D_P Pin=SW1-6
Added Pin To Net: NetName=2D_P Pin=SW1-6
Added Pin To Net: NetName=2D_P Pin=SW1-6
Added Pin To Net: NetName=2D_P Pin=SW1-6
Added Pin To Net: NetName=2D_P Pin=SW1-6
Added Pin To Net: NetName=2D_P Pin=XS1-6
Added Net: Name=2D_P
Added Pin To Net: NetName=CLK1_N Pin=XS2-8
Added Net: Name=CLK1_N
Added Pin To Net: NetName=CLK1_P Pin=XS2-9
Added Net: Name=CLK1_P
Added Pin To Net: NetName=CLK2_N Pin=XS3-8
Added Net: Name=CLK2_N
Added Pin To Net: NetName=CLK2_P Pin=XS3-9
Added Net: Name=CLK2_P
Added Pin To Net: NetName=CLK_N Pin=XS1-8
Added Net: Name=CLK_N
Added Pin To Net: NetName=CLK_P Pin=XS1-9
Added Net: Name=CLK_P
Added Pin To Net: NetName=NetSW1_8 Pin=XP1-3
Added Net: Name=NetSW1_8
Added Pin To Net: NetName=NetSW1_11 Pin=XP1-4
Added Net: Name=NetSW1_11
