Tue Nov 02 10:26:08 2021

Note: EnetGenAdapter::Init(C:\Mentor_proj\408\408.cdb\Layout\)
Note: EnetGenAdapter::Import()
Tue Nov 02 10:27:09 2021

Note: EnetGenAdapter::Init(C:\Mentor_proj\408\408.cdb\Layout\)
Note: EnetGenAdapter::Import()
Tue Nov 02 10:28:21 2021

Note: EnetGenAdapter::Init(C:\Mentor_proj\408\408.cdb\Layout\)
Note: EnetGenAdapter::Import()
Tue Nov 02 10:29:41 2021

Note: EnetGenAdapter::Init(C:\Mentor_proj\408\408.cdb\Layout\)
Note: EnetGenAdapter::Import()
Tue Nov 02 10:33:55 2021

Note: EnetGenAdapter::Init(C:\Mentor_proj\408\408.cdb\Layout\)
Note: EnetGenAdapter::Import()
Tue Nov 02 11:58:30 2021

Note: EnetGenAdapter::Init(C:\Mentor_proj\408\408.cdb\Layout\)
Note: EnetGenAdapter::Import()
Tue Nov 02 12:18:24 2021

Note: EnetGenAdapter::Init(C:\Mentor_proj\408\408.cdb\Layout\)
Note: EnetGenAdapter::Import()
Tue Nov 02 12:19:44 2021

Note: EnetGenAdapter::Init(C:\Mentor_proj\408\408.cdb\Layout\)
Note: EnetGenAdapter::Import()
Tue Nov 02 12:20:44 2021

Note: EnetGenAdapter::Init(C:\Mentor_proj\408\408.cdb\Layout\)
Note: EnetGenAdapter::Import()
Tue Nov 02 12:25:40 2021

Note: EnetGenAdapter::Init(C:\Mentor_proj\408\408.cdb\Layout\)
Note: EnetGenAdapter::Import()
Tue Nov 02 12:26:41 2021

Note: EnetGenAdapter::Init(C:\Mentor_proj\408\408.cdb\Layout\)
Note: EnetGenAdapter::Import()
Tue Nov 02 23:38:29 2021

Note: EnetGenAdapter::Init(C:\Mentor_proj\408\408.cdb\Layout\)
Note: EnetGenAdapter::Import()
Tue Nov 02 23:44:17 2021

Note: EnetGenAdapter::Init(C:\Mentor_proj\408\408.cdb\Layout\)
Note: EnetGenAdapter::Import()
Wed Nov 03 09:14:27 2021

Note: EnetGenAdapter::Init(C:\Mentor_proj\408\408.cdb\Layout\)
Note: EnetGenAdapter::Import()
Wed Nov 03 09:19:18 2021

Note: EnetGenAdapter::Init(C:\Mentor_proj\408\408.cdb\Layout\)
Note: EnetGenAdapter::Import()
Wed Nov 03 09:39:37 2021

Note: EnetGenAdapter::Init(C:\Mentor_proj\408\408.cdb\Layout\)
Note: EnetGenAdapter::Import()
Wed Nov 03 11:14:51 2021

Note: EnetGenAdapter::Init(C:\Mentor_proj\408\408.cdb\Layout\)
Note: EnetGenAdapter::Import()
Wed Nov 03 12:02:05 2021

Note: EnetGenAdapter::Init(C:\Mentor_proj\408\408.cdb\Layout\)
Note: EnetGenAdapter::Import()
Wed Nov 03 12:41:22 2021

Note: EnetGenAdapter::Init(C:\Mentor_proj\408\408.cdb\Layout\)
Note: EnetGenAdapter::Import()
Wed Nov 03 12:59:34 2021

Note: EnetGenAdapter::Init(C:\Mentor_proj\408\408.cdb\Layout\)
Note: EnetGenAdapter::Import()
Wed Nov 03 16:32:52 2021

Note: EnetGenAdapter::Init(C:\Mentor_proj\408\408.cdb\Layout\)
Note: EnetGenAdapter::Import()
Wed Nov 03 16:38:41 2021

Note: EnetGenAdapter::Init(C:\Mentor_proj\408\408.cdb\Layout\)
Note: EnetGenAdapter::Import()
Wed Nov 03 17:37:02 2021

Note: EnetGenAdapter::Init(C:\Mentor_proj\408\408.cdb\Layout\)
Note: EnetGenAdapter::Import()
Wed Nov 03 17:46:44 2021

Note: EnetGenAdapter::Init(C:\Mentor_proj\408\408.cdb\Layout\)
Note: EnetGenAdapter::Import()
Wed Nov 03 17:49:48 2021

Note: EnetGenAdapter::Init(C:\Mentor_proj\408\408.cdb\Layout\)
Note: EnetGenAdapter::Import()
Wed Nov 03 18:12:29 2021

Note: EnetGenAdapter::Init(C:\Mentor_proj\408\408.cdb\Layout\)
Note: EnetGenAdapter::Import()
Wed Nov 03 18:50:07 2021

Note: EnetGenAdapter::Init(C:\Mentor_proj\408\408.cdb\Layout\)
Note: EnetGenAdapter::Import()
Thu Nov 04 06:27:16 2021

Note: EnetGenAdapter::Init(C:\Mentor_proj\408\408.cdb\Layout\)
Note: EnetGenAdapter::Import()
Thu Nov 04 07:19:17 2021

Note: EnetGenAdapter::Init(C:\Mentor_proj\408\408.cdb\Layout\)
Note: EnetGenAdapter::Import()
Thu Nov 04 08:29:07 2021

Note: EnetGenAdapter::Init(C:\Mentor_proj\408\408.cdb\Layout\)
Note: EnetGenAdapter::Import()
Sat Nov 06 15:58:14 2021

Note: EnetGenAdapter::Init(C:\Mentor_proj\408\408.cdb\Layout\)
Note: EnetGenAdapter::Import()
Fri Nov 12 18:50:30 2021

Note: EnetGenAdapter::Init(C:\Mentor_proj\408\408.cdb\Layout\)
Note: EnetGenAdapter::Import()
Fri Nov 12 18:56:13 2021

Note: EnetGenAdapter::Init(C:\Mentor_proj\408\408.cdb\Layout\)
Note: EnetGenAdapter::Import()
Thu Nov 25 16:46:23 2021

Note: EnetGenAdapter::Init(C:\Mentor_proj\408\408.cdb\Layout\)
Note: EnetGenAdapter::Import()
Thu Nov 25 17:19:26 2021

Note: EnetGenAdapter::Init(C:\Mentor_proj\408\408.cdb\Layout\)
Note: EnetGenAdapter::Import()
Thu Nov 25 18:20:43 2021

Note: EnetGenAdapter::Init(C:\Mentor_proj\408\408.cdb\Layout\)
Note: EnetGenAdapter::Import()
Fri Nov 26 13:21:40 2021

Note: EnetGenAdapter::Init(C:\Mentor_proj\408\408.cdb\Layout\)
Note: EnetGenAdapter::Import()
Fri Nov 26 13:50:06 2021

Note: EnetGenAdapter::Init(C:\Mentor_proj\408\408.cdb\Layout\)
Note: EnetGenAdapter::Import()
Fri Nov 26 14:00:28 2021

Note: EnetGenAdapter::Init(C:\Mentor_proj\408\408.cdb\Layout\)
Note: EnetGenAdapter::Import()
Fri Nov 26 16:50:17 2021

Note: EnetGenAdapter::Init(C:\Mentor_proj\408\408.cdb\Layout\)
Note: EnetGenAdapter::Import()
Fri Nov 26 17:26:58 2021

Note: EnetGenAdapter::Init(C:\Mentor_proj\408\408.cdb\Layout\)
Note: EnetGenAdapter::Import()
Sat Nov 27 11:31:25 2021

Note: EnetGenAdapter::Init(C:\Mentor_proj\408\408.cdb\Layout\)
Note: EnetGenAdapter::Import()
Sat Nov 27 13:20:54 2021

Note: EnetGenAdapter::Init(C:\Mentor_proj\408\408.cdb\Layout\)
Note: EnetGenAdapter::Import()
Sat Nov 27 13:33:10 2021

Note: EnetGenAdapter::Init(C:\Mentor_proj\408\408.cdb\Layout\)
Note: EnetGenAdapter::Import()
Sat Nov 27 14:26:17 2021

Note: EnetGenAdapter::Init(C:\Mentor_proj\408\408.cdb\Layout\)
Note: EnetGenAdapter::Import()
Sat Nov 27 14:37:37 2021

Note: EnetGenAdapter::Init(C:\Mentor_proj\408\408.cdb\Layout\)
Note: EnetGenAdapter::Import()
Tue Nov 30 11:30:14 2021

Note: EnetGenAdapter::Init(C:\Mentor_proj\408\408.cdb\Layout\)
Note: EnetGenAdapter::Import()
Tue Nov 30 11:58:08 2021

Note: EnetGenAdapter::Init(C:\Mentor_proj\408\408.cdb\Layout\)
Note: EnetGenAdapter::Import()
Tue Nov 30 12:35:54 2021

Note: EnetGenAdapter::Init(C:\Mentor_proj\408\408.cdb\Layout\)
Note: EnetGenAdapter::Import()
Tue Nov 30 13:39:51 2021

Note: EnetGenAdapter::Init(C:\Mentor_proj\408\408.cdb\Layout\)
Note: EnetGenAdapter::Import()
Tue Nov 30 13:42:09 2021

Note: EnetGenAdapter::Init(C:\Mentor_proj\408\408.cdb\Layout\)
Note: EnetGenAdapter::Import()
Tue Nov 30 13:44:26 2021

Note: EnetGenAdapter::Init(C:\Mentor_proj\408\408.cdb\Layout\)
Note: EnetGenAdapter::Import()
Tue Nov 30 15:32:02 2021

Note: EnetGenAdapter::Init(C:\Mentor_proj\408\408.cdb\Layout\)
Note: EnetGenAdapter::Import()
Tue Nov 30 16:33:13 2021

Note: EnetGenAdapter::Init(C:\Mentor_proj\408\408.cdb\Layout\)
Note: EnetGenAdapter::Import()
Tue Nov 30 17:55:19 2021

Note: EnetGenAdapter::Init(C:\Mentor_proj\408\408.cdb\Layout\)
Note: EnetGenAdapter::Import()
Tue Nov 30 18:09:42 2021

Note: EnetGenAdapter::Init(C:\Mentor_proj\408\408.cdb\Layout\)
Note: EnetGenAdapter::Import()
Tue Nov 30 18:17:11 2021

Note: EnetGenAdapter::Init(C:\Mentor_proj\408\408.cdb\Layout\)
Note: EnetGenAdapter::Import()
Tue Nov 30 18:21:10 2021

Note: EnetGenAdapter::Init(C:\Mentor_proj\408\408.cdb\Layout\)
Note: EnetGenAdapter::Import()
Tue Nov 30 18:51:47 2021

Note: EnetGenAdapter::Init(C:\Mentor_proj\408\408.cdb\Layout\)
Note: EnetGenAdapter::Import()
Tue Nov 30 19:36:53 2021

Note: EnetGenAdapter::Init(C:\Mentor_proj\408\408.cdb\Layout\)
Note: EnetGenAdapter::Import()
Tue Nov 30 19:39:41 2021

Note: EnetGenAdapter::Init(C:\Mentor_proj\408\408.cdb\Layout\)
Note: EnetGenAdapter::Import()
Tue Nov 30 19:42:14 2021

Note: EnetGenAdapter::Init(C:\Mentor_proj\408\408.cdb\Layout\)
Note: EnetGenAdapter::Import()
Tue Nov 30 20:09:13 2021

Note: EnetGenAdapter::Init(C:\Mentor_proj\408\408.cdb\Layout\)
Note: EnetGenAdapter::Import()
Wed Dec 01 12:58:30 2021

Note: EnetGenAdapter::Init(C:\Mentor_proj\408\408.cdb\Layout\)
Note: EnetGenAdapter::Import()
Wed Dec 01 13:29:22 2021

Note: EnetGenAdapter::Init(C:\Mentor_proj\408\408.cdb\Layout\)
Note: EnetGenAdapter::Import()
Wed Dec 01 18:48:02 2021

Note: EnetGenAdapter::Init(C:\Mentor_proj\408\408.cdb\Layout\)
Note: EnetGenAdapter::Import()
Wed Dec 01 18:51:00 2021

Note: EnetGenAdapter::Init(C:\Mentor_proj\408\408.cdb\Layout\)
Note: EnetGenAdapter::Import()
Wed Dec 01 20:15:24 2021

Note: EnetGenAdapter::Init(C:\Mentor_proj\408\408.cdb\Layout\)
Note: EnetGenAdapter::Import()
Wed Dec 01 20:16:24 2021

Note: EnetGenAdapter::Init(C:\Mentor_proj\408\408.cdb\Layout\)
Note: EnetGenAdapter::Import()
Wed Dec 01 20:16:44 2021

Note: EnetGenAdapter::Init(C:\Mentor_proj\408\408.cdb\Layout\)
Note: EnetGenAdapter::Import()
Wed Dec 01 20:21:20 2021

Note: EnetGenAdapter::Init(C:\Mentor_proj\408\408.cdb\Layout\)
Note: EnetGenAdapter::Import()
Wed Dec 01 21:54:18 2021

Note: EnetGenAdapter::Init(C:\Mentor_proj\408\408.cdb\Layout\)
Note: EnetGenAdapter::Import()
Wed Dec 01 22:01:59 2021

Note: EnetGenAdapter::Init(C:\Mentor_proj\408\408.cdb\Layout\)
Note: EnetGenAdapter::Import()
Wed Dec 01 22:20:34 2021

Note: EnetGenAdapter::Init(C:\Mentor_proj\408\408.cdb\Layout\)
Note: EnetGenAdapter::Import()
Mon Dec 06 14:07:23 2021

Note: EnetGenAdapter::Init(C:\Mentor_proj\408\408.cdb\Layout\)
Note: EnetGenAdapter::Import()
Mon Dec 06 14:18:45 2021

Note: EnetGenAdapter::Init(C:\Mentor_proj\408\408.cdb\Layout\)
Note: EnetGenAdapter::Import()
Mon Dec 06 14:19:54 2021

Note: EnetGenAdapter::Init(C:\Mentor_proj\408\408.cdb\Layout\)
Note: EnetGenAdapter::Import()
Mon Dec 06 14:27:30 2021

Note: EnetGenAdapter::Init(C:\Mentor_proj\408\408.cdb\Layout\)
Note: EnetGenAdapter::Import()
Mon Dec 06 14:35:28 2021

Note: EnetGenAdapter::Init(C:\Mentor_proj\408\408.cdb\Layout\)
Note: EnetGenAdapter::Import()
Mon Dec 06 14:58:04 2021

Note: EnetGenAdapter::Init(C:\Mentor_proj\408\408.cdb\Layout\)
Note: EnetGenAdapter::Import()
Mon Dec 06 15:08:39 2021

Note: EnetGenAdapter::Init(C:\Mentor_proj\408\408.cdb\Layout\)
Note: EnetGenAdapter::Import()
Mon Dec 06 16:44:06 2021

Note: EnetGenAdapter::Init(C:\Mentor_proj\408\408.cdb\Layout\)
Note: EnetGenAdapter::Import()
Mon Dec 06 16:58:00 2021

Note: EnetGenAdapter::Init(C:\Mentor_proj\408\408.cdb\Layout\)
Note: EnetGenAdapter::Import()
Mon Dec 06 17:10:14 2021

Note: EnetGenAdapter::Init(C:\Mentor_proj\408\408.cdb\Layout\)
Note: EnetGenAdapter::Import()
Tue Dec 07 12:06:42 2021

Note: EnetGenAdapter::Init(C:\Mentor_proj\408\408.cdb\Layout\)
Note: EnetGenAdapter::Import()
Tue Dec 07 12:49:27 2021

Note: EnetGenAdapter::Init(C:\Mentor_proj\408\408.cdb\Layout\)
Note: EnetGenAdapter::Import()
Tue Dec 07 13:40:59 2021

Note: EnetGenAdapter::Init(C:\Mentor_proj\408\408.cdb\Layout\)
Note: EnetGenAdapter::Import()
Tue Dec 07 14:08:20 2021

Note: EnetGenAdapter::Init(C:\Mentor_proj\408\408.cdb\Layout\)
Note: EnetGenAdapter::Import()
Tue Dec 07 14:22:49 2021

Note: EnetGenAdapter::Init(C:\Mentor_proj\408\408.cdb\Layout\)
Note: EnetGenAdapter::Import()
Tue Dec 07 14:48:12 2021

Note: EnetGenAdapter::Init(C:\Mentor_proj\408\408.cdb\Layout\)
Note: EnetGenAdapter::Import()
Tue Dec 07 15:10:36 2021

Note: EnetGenAdapter::Init(C:\Mentor_proj\408\408.cdb\Layout\)
Note: EnetGenAdapter::Import()
Tue Dec 07 15:53:32 2021

Note: EnetGenAdapter::Init(C:\Mentor_proj\408\408.cdb\Layout\)
Note: EnetGenAdapter::Import()
Tue Dec 07 16:07:12 2021

Note: EnetGenAdapter::Init(C:\Mentor_proj\408\408.cdb\Layout\)
Note: EnetGenAdapter::Import()
Tue Dec 07 16:28:05 2021

Note: EnetGenAdapter::Init(C:\Mentor_proj\408\408.cdb\Layout\)
Note: EnetGenAdapter::Import()
Tue Dec 07 16:30:41 2021

Note: EnetGenAdapter::Init(C:\Mentor_proj\408\408.cdb\Layout\)
Note: EnetGenAdapter::Import()
Wed Dec 08 12:32:54 2021

Note: EnetGenAdapter::Init(C:\Mentor_proj\408\408.cdb\Layout\)
Note: EnetGenAdapter::Import()
Wed Dec 08 12:57:56 2021

Note: EnetGenAdapter::Init(C:\Mentor_proj\408\408.cdb\Layout\)
Note: EnetGenAdapter::Import()
Wed Dec 08 13:33:07 2021

Note: EnetGenAdapter::Init(C:\Mentor_proj\408\408.cdb\Layout\)
Note: EnetGenAdapter::Import()
Wed Dec 08 13:58:03 2021

Note: EnetGenAdapter::Init(C:\Mentor_proj\408\408.cdb\Layout\)
Note: EnetGenAdapter::Import()
Wed Dec 08 16:09:01 2021

Note: EnetGenAdapter::Init(C:\Mentor_proj\408\408.cdb\Layout\)
Note: EnetGenAdapter::Import()
Wed Dec 08 16:45:20 2021

Note: EnetGenAdapter::Init(C:\Mentor_proj\408\408.cdb\Layout\)
Note: EnetGenAdapter::Import()
Wed Dec 08 16:50:38 2021

Note: EnetGenAdapter::Init(C:\Mentor_proj\408\408.cdb\Layout\)
Note: EnetGenAdapter::Import()
Wed Dec 08 17:31:16 2021

Note: EnetGenAdapter::Init(C:\Mentor_proj\408\408.cdb\Layout\)
Note: EnetGenAdapter::Import()
Wed Dec 08 19:03:37 2021

Note: EnetGenAdapter::Init(C:\Mentor_proj\408\408.cdb\Layout\)
Note: EnetGenAdapter::Import()
Wed Dec 08 22:43:20 2021

Note: EnetGenAdapter::Init(C:\Mentor_proj\408\408.cdb\Layout\)
Note: EnetGenAdapter::Import()
Thu Dec 09 17:53:48 2021

Note: EnetGenAdapter::Init(C:\Mentor_proj\408\408.cdb\Layout\)
Note: EnetGenAdapter::Import()
Thu Dec 09 19:42:16 2021

Note: EnetGenAdapter::Init(C:\Mentor_proj\408\408.cdb\Layout\)
Note: EnetGenAdapter::Import()
Fri Dec 10 11:13:43 2021

Note: EnetGenAdapter::Init(C:\Mentor_proj\408\408.cdb\Layout\)
Note: EnetGenAdapter::Import()
Fri Dec 10 11:47:11 2021

Note: EnetGenAdapter::Init(C:\Mentor_proj\408\408.cdb\Layout\)
Note: EnetGenAdapter::Import()
Fri Dec 10 11:58:52 2021

Note: EnetGenAdapter::Init(C:\Mentor_proj\408\408.cdb\Layout\)
Note: EnetGenAdapter::Import()
Fri Dec 10 12:08:01 2021

Note: EnetGenAdapter::Init(C:\Mentor_proj\408\408.cdb\Layout\)
Note: EnetGenAdapter::Import()
Fri Dec 10 13:28:36 2021

Note: EnetGenAdapter::Init(C:\Mentor_proj\408\408.cdb\Layout\)
Note: EnetGenAdapter::Import()
Fri Dec 10 15:06:40 2021

Note: EnetGenAdapter::Init(C:\Mentor_proj\408\408.cdb\Layout\)
Note: EnetGenAdapter::Import()
Fri Dec 10 15:21:57 2021

Note: EnetGenAdapter::Init(C:\Mentor_proj\408\408.cdb\Layout\)
Note: EnetGenAdapter::Import()
Fri Dec 10 15:58:47 2021

Note: EnetGenAdapter::Init(C:\Mentor_proj\408\408.cdb\Layout\)
Note: EnetGenAdapter::Import()
Thu Dec 16 13:58:33 2021

Note: EnetGenAdapter::Init(C:\Mentor_proj\408\408.cdb\Layout\)
Note: EnetGenAdapter::Import()
Thu Dec 16 15:30:25 2021

Note: EnetGenAdapter::Init(C:\Mentor_proj\408\408.cdb\Layout\)
Note: EnetGenAdapter::Import()
Mon Jan 03 11:12:06 2022

Note: EnetGenAdapter::Init(C:\Mentor_proj\408\408.cdb\Layout\)
Note: EnetGenAdapter::Import()
Warning: Electrical net DAC.6^^^ has more physical nets than the threshold. One or more of the nets may be a power net. Electrical nets will not be generated.
Fri Jan 07 14:46:58 2022

Note: EnetGenAdapter::Init(C:\Mentor_proj\408\408.cdb\Layout\)
Note: EnetGenAdapter::Import()
Warning: Electrical net DAC.6^^^ has more physical nets than the threshold. One or more of the nets may be a power net. Electrical nets will not be generated.
Fri May 27 14:54:50 2022

Note: EnetGenAdapter::Init(C:\Mentor_proj\450\450.cdb\Layout\)
Note: EnetGenAdapter::Import()
Warning: Electrical net DAC.6^^^ has more physical nets than the threshold. One or more of the nets may be a power net. Electrical nets will not be generated.
Fri May 27 14:59:52 2022

Note: EnetGenAdapter::Init(C:\Mentor_proj\450\450.cdb\Layout\)
Note: EnetGenAdapter::Import()
Warning: Electrical net DAC.6^^^ has more physical nets than the threshold. One or more of the nets may be a power net. Electrical nets will not be generated.
Sat May 28 18:35:03 2022

Note: EnetGenAdapter::Init(C:\Mentor_proj\450\450.cdb\Layout\)
Note: EnetGenAdapter::Import()
Warning: Electrical net DAC.6^^^ has more physical nets than the threshold. One or more of the nets may be a power net. Electrical nets will not be generated.
Sat May 28 19:34:49 2022

Note: EnetGenAdapter::Init(C:\Mentor_proj\450\450.cdb\Layout\)
Note: EnetGenAdapter::Import()
Warning: Electrical net DAC.6^^^ has more physical nets than the threshold. One or more of the nets may be a power net. Electrical nets will not be generated.
Sat May 28 20:33:41 2022

Note: EnetGenAdapter::Init(C:\Mentor_proj\450\450.cdb\Layout\)
Note: EnetGenAdapter::Import()
Warning: Electrical net DAC.6^^^ has more physical nets than the threshold. One or more of the nets may be a power net. Electrical nets will not be generated.
Sun May 29 08:37:41 2022

Note: EnetGenAdapter::Init(C:\Mentor_proj\450\450.cdb\Layout\)
Note: EnetGenAdapter::Import()
Warning: Electrical net DAC.6^^^ has more physical nets than the threshold. One or more of the nets may be a power net. Electrical nets will not be generated.
Sun May 29 10:44:55 2022

Note: EnetGenAdapter::Init(C:\Mentor_proj\450\450.cdb\Layout\)
Note: EnetGenAdapter::Import()
Warning: Electrical net DAC.4^^^ has more physical nets than the threshold. One or more of the nets may be a power net. Electrical nets will not be generated.
Warning: Electrical net DAC.5^^^ has more physical nets than the threshold. One or more of the nets may be a power net. Electrical nets will not be generated.
Warning: Electrical net DAC.6^^^ has more physical nets than the threshold. One or more of the nets may be a power net. Electrical nets will not be generated.
Sun May 29 14:16:55 2022

Note: EnetGenAdapter::Init(C:\Mentor_proj\450\450.cdb\Layout\)
Note: EnetGenAdapter::Import()
Warning: Electrical net DAC.4^^^ has more physical nets than the threshold. One or more of the nets may be a power net. Electrical nets will not be generated.
Warning: Electrical net DAC.5^^^ has more physical nets than the threshold. One or more of the nets may be a power net. Electrical nets will not be generated.
Warning: Electrical net DAC.6^^^ has more physical nets than the threshold. One or more of the nets may be a power net. Electrical nets will not be generated.
Sun May 29 17:40:06 2022

Note: EnetGenAdapter::Init(C:\Mentor_proj\450\450.cdb\Layout\)
Note: EnetGenAdapter::Import()
Warning: Electrical net DAC.4^^^ has more physical nets than the threshold. One or more of the nets may be a power net. Electrical nets will not be generated.
Warning: Electrical net DAC.5^^^ has more physical nets than the threshold. One or more of the nets may be a power net. Electrical nets will not be generated.
Warning: Electrical net DAC.6^^^ has more physical nets than the threshold. One or more of the nets may be a power net. Electrical nets will not be generated.
Sun May 29 17:41:52 2022

Note: EnetGenAdapter::Init(C:\Mentor_proj\450\450.cdb\Layout\)
Note: EnetGenAdapter::Import()
Warning: Electrical net DAC.4^^^ has more physical nets than the threshold. One or more of the nets may be a power net. Electrical nets will not be generated.
Warning: Electrical net DAC.5^^^ has more physical nets than the threshold. One or more of the nets may be a power net. Electrical nets will not be generated.
Warning: Electrical net DAC.6^^^ has more physical nets than the threshold. One or more of the nets may be a power net. Electrical nets will not be generated.
Sun May 29 18:03:29 2022

Note: EnetGenAdapter::Init(C:\Mentor_proj\450\450.cdb\Layout\)
Note: EnetGenAdapter::Import()
Warning: Electrical net DAC.4^^^ has more physical nets than the threshold. One or more of the nets may be a power net. Electrical nets will not be generated.
Warning: Electrical net DAC.5^^^ has more physical nets than the threshold. One or more of the nets may be a power net. Electrical nets will not be generated.
Warning: Electrical net DAC.6^^^ has more physical nets than the threshold. One or more of the nets may be a power net. Electrical nets will not be generated.
Sun May 29 18:06:15 2022

Note: EnetGenAdapter::Init(C:\Mentor_proj\450\450.cdb\Layout\)
Note: EnetGenAdapter::Import()
Warning: Electrical net DAC.4^^^ has more physical nets than the threshold. One or more of the nets may be a power net. Electrical nets will not be generated.
Warning: Electrical net DAC.5^^^ has more physical nets than the threshold. One or more of the nets may be a power net. Electrical nets will not be generated.
Warning: Electrical net DAC.6^^^ has more physical nets than the threshold. One or more of the nets may be a power net. Electrical nets will not be generated.
Sun May 29 18:06:55 2022

Note: EnetGenAdapter::Init(C:\Mentor_proj\450\450.cdb\Layout\)
Note: EnetGenAdapter::Import()
Warning: Electrical net DAC.4^^^ has more physical nets than the threshold. One or more of the nets may be a power net. Electrical nets will not be generated.
Warning: Electrical net DAC.5^^^ has more physical nets than the threshold. One or more of the nets may be a power net. Electrical nets will not be generated.
Warning: Electrical net DAC.6^^^ has more physical nets than the threshold. One or more of the nets may be a power net. Electrical nets will not be generated.
Sun May 29 20:09:47 2022

Note: EnetGenAdapter::Init(C:\Mentor_proj\450\450.cdb\Layout\)
Note: EnetGenAdapter::Import()
Warning: Electrical net DAC.4^^^ has more physical nets than the threshold. One or more of the nets may be a power net. Electrical nets will not be generated.
Warning: Electrical net DAC.5^^^ has more physical nets than the threshold. One or more of the nets may be a power net. Electrical nets will not be generated.
Warning: Electrical net DAC.6^^^ has more physical nets than the threshold. One or more of the nets may be a power net. Electrical nets will not be generated.
Tue May 31 12:43:18 2022

Note: EnetGenAdapter::Init(C:\Mentor_proj\450\450.cdb\Layout\)
Note: EnetGenAdapter::Import()
Warning: Electrical net DAC.4^^^ has more physical nets than the threshold. One or more of the nets may be a power net. Electrical nets will not be generated.
Warning: Electrical net DAC.5^^^ has more physical nets than the threshold. One or more of the nets may be a power net. Electrical nets will not be generated.
Warning: Electrical net DAC.6^^^ has more physical nets than the threshold. One or more of the nets may be a power net. Electrical nets will not be generated.
Wed Jun 01 17:09:15 2022

Note: EnetGenAdapter::Init(C:\Mentor_proj\450\450.cdb\Layout\)
Note: EnetGenAdapter::Import()
Warning: Electrical net DAC.4^^^ has more physical nets than the threshold. One or more of the nets may be a power net. Electrical nets will not be generated.
Warning: Electrical net DAC.5^^^ has more physical nets than the threshold. One or more of the nets may be a power net. Electrical nets will not be generated.
Warning: Electrical net DAC.6^^^ has more physical nets than the threshold. One or more of the nets may be a power net. Electrical nets will not be generated.
Wed Jun 01 20:06:10 2022

Note: EnetGenAdapter::Init(C:\Mentor_proj\450\450.cdb\Layout\)
Note: EnetGenAdapter::Import()
Warning: Electrical net DAC.4^^^ has more physical nets than the threshold. One or more of the nets may be a power net. Electrical nets will not be generated.
Warning: Electrical net DAC.5^^^ has more physical nets than the threshold. One or more of the nets may be a power net. Electrical nets will not be generated.
Warning: Electrical net DAC.6^^^ has more physical nets than the threshold. One or more of the nets may be a power net. Electrical nets will not be generated.
Wed Jun 01 20:47:17 2022

Note: EnetGenAdapter::Init(C:\Mentor_proj\450\450.cdb\Layout\)
Note: EnetGenAdapter::Import()
Warning: Electrical net DAC.4^^^ has more physical nets than the threshold. One or more of the nets may be a power net. Electrical nets will not be generated.
Warning: Electrical net DAC.5^^^ has more physical nets than the threshold. One or more of the nets may be a power net. Electrical nets will not be generated.
Warning: Electrical net DAC.6^^^ has more physical nets than the threshold. One or more of the nets may be a power net. Electrical nets will not be generated.
Wed Jun 01 22:10:22 2022

Note: EnetGenAdapter::Init(C:\Mentor_proj\450\450.cdb\Layout\)
Note: EnetGenAdapter::Import()
Warning: Electrical net DAC.4^^^ has more physical nets than the threshold. One or more of the nets may be a power net. Electrical nets will not be generated.
Warning: Electrical net DAC.5^^^ has more physical nets than the threshold. One or more of the nets may be a power net. Electrical nets will not be generated.
Warning: Electrical net DAC.6^^^ has more physical nets than the threshold. One or more of the nets may be a power net. Electrical nets will not be generated.
Thu Jun 02 14:23:57 2022

Note: EnetGenAdapter::Init(C:\Mentor_proj\450\450.cdb\Layout\)
Note: EnetGenAdapter::Import()
Warning: Electrical net DAC.4^^^ has more physical nets than the threshold. One or more of the nets may be a power net. Electrical nets will not be generated.
Warning: Electrical net DAC.5^^^ has more physical nets than the threshold. One or more of the nets may be a power net. Electrical nets will not be generated.
Warning: Electrical net DAC.6^^^ has more physical nets than the threshold. One or more of the nets may be a power net. Electrical nets will not be generated.
Thu Jun 02 15:21:20 2022

Note: EnetGenAdapter::Init(C:\Mentor_proj\450\450.cdb\Layout\)
Note: EnetGenAdapter::Import()
Warning: Electrical net DAC.4^^^ has more physical nets than the threshold. One or more of the nets may be a power net. Electrical nets will not be generated.
Warning: Electrical net DAC.5^^^ has more physical nets than the threshold. One or more of the nets may be a power net. Electrical nets will not be generated.
Warning: Electrical net DAC.6^^^ has more physical nets than the threshold. One or more of the nets may be a power net. Electrical nets will not be generated.
Thu Jun 02 16:39:20 2022

Note: EnetGenAdapter::Init(C:\Mentor_proj\450\450.cdb\Layout\)
Note: EnetGenAdapter::Import()
Warning: Electrical net DAC.4^^^ has more physical nets than the threshold. One or more of the nets may be a power net. Electrical nets will not be generated.
Warning: Electrical net DAC.5^^^ has more physical nets than the threshold. One or more of the nets may be a power net. Electrical nets will not be generated.
Warning: Electrical net DAC.6^^^ has more physical nets than the threshold. One or more of the nets may be a power net. Electrical nets will not be generated.
Thu Jun 02 16:41:26 2022

Note: EnetGenAdapter::Init(C:\Mentor_proj\450\450.cdb\Layout\)
Note: EnetGenAdapter::Import()
Warning: Electrical net DAC.4^^^ has more physical nets than the threshold. One or more of the nets may be a power net. Electrical nets will not be generated.
Warning: Electrical net DAC.5^^^ has more physical nets than the threshold. One or more of the nets may be a power net. Electrical nets will not be generated.
Warning: Electrical net DAC.6^^^ has more physical nets than the threshold. One or more of the nets may be a power net. Electrical nets will not be generated.
Thu Jun 02 16:44:04 2022

Note: EnetGenAdapter::Init(C:\Mentor_proj\450\450.cdb\Layout\)
Note: EnetGenAdapter::Import()
Warning: Electrical net DAC.4^^^ has more physical nets than the threshold. One or more of the nets may be a power net. Electrical nets will not be generated.
Warning: Electrical net DAC.5^^^ has more physical nets than the threshold. One or more of the nets may be a power net. Electrical nets will not be generated.
Warning: Electrical net DAC.6^^^ has more physical nets than the threshold. One or more of the nets may be a power net. Electrical nets will not be generated.
Thu Jun 02 17:46:32 2022

Note: EnetGenAdapter::Init(C:\Mentor_proj\450\450.cdb\Layout\)
Note: EnetGenAdapter::Import()
Warning: Electrical net DAC.4^^^ has more physical nets than the threshold. One or more of the nets may be a power net. Electrical nets will not be generated.
Warning: Electrical net DAC.5^^^ has more physical nets than the threshold. One or more of the nets may be a power net. Electrical nets will not be generated.
Warning: Electrical net DAC.6^^^ has more physical nets than the threshold. One or more of the nets may be a power net. Electrical nets will not be generated.
Fri Jun 03 14:00:49 2022

Note: EnetGenAdapter::Init(C:\Mentor_proj\450\450.cdb\Layout\)
Note: EnetGenAdapter::Import()
Warning: Electrical net DAC.4^^^ has more physical nets than the threshold. One or more of the nets may be a power net. Electrical nets will not be generated.
Warning: Electrical net DAC.5^^^ has more physical nets than the threshold. One or more of the nets may be a power net. Electrical nets will not be generated.
Warning: Electrical net DAC.6^^^ has more physical nets than the threshold. One or more of the nets may be a power net. Electrical nets will not be generated.
Fri Jun 03 15:45:51 2022

Note: EnetGenAdapter::Init(C:\Mentor_proj\450\450.cdb\Layout\)
Note: EnetGenAdapter::Import()
Warning: Electrical net DAC.4^^^ has more physical nets than the threshold. One or more of the nets may be a power net. Electrical nets will not be generated.
Warning: Electrical net DAC.5^^^ has more physical nets than the threshold. One or more of the nets may be a power net. Electrical nets will not be generated.
Warning: Electrical net DAC.6^^^ has more physical nets than the threshold. One or more of the nets may be a power net. Electrical nets will not be generated.
Fri Jun 03 15:50:41 2022

Note: EnetGenAdapter::Init(C:\Mentor_proj\450\450.cdb\Layout\)
Note: EnetGenAdapter::Import()
Warning: Electrical net DAC.4^^^ has more physical nets than the threshold. One or more of the nets may be a power net. Electrical nets will not be generated.
Warning: Electrical net DAC.5^^^ has more physical nets than the threshold. One or more of the nets may be a power net. Electrical nets will not be generated.
Warning: Electrical net DAC.6^^^ has more physical nets than the threshold. One or more of the nets may be a power net. Electrical nets will not be generated.
Fri Jun 03 19:22:23 2022

Note: EnetGenAdapter::Init(C:\Mentor_proj\450\450.cdb\Layout\)
Note: EnetGenAdapter::Import()
Warning: Electrical net DAC.4^^^ has more physical nets than the threshold. One or more of the nets may be a power net. Electrical nets will not be generated.
Warning: Electrical net DAC.5^^^ has more physical nets than the threshold. One or more of the nets may be a power net. Electrical nets will not be generated.
Warning: Electrical net DAC.6^^^ has more physical nets than the threshold. One or more of the nets may be a power net. Electrical nets will not be generated.
Fri Jun 03 19:36:39 2022

Note: EnetGenAdapter::Init(C:\Mentor_proj\450\450.cdb\Layout\)
Note: EnetGenAdapter::Import()
Warning: Electrical net DAC.4^^^ has more physical nets than the threshold. One or more of the nets may be a power net. Electrical nets will not be generated.
Warning: Electrical net DAC.5^^^ has more physical nets than the threshold. One or more of the nets may be a power net. Electrical nets will not be generated.
Warning: Electrical net DAC.6^^^ has more physical nets than the threshold. One or more of the nets may be a power net. Electrical nets will not be generated.
Fri Jun 03 19:38:21 2022

Note: EnetGenAdapter::Init(C:\Mentor_proj\450\450.cdb\Layout\)
Note: EnetGenAdapter::Import()
Warning: Electrical net DAC.4^^^ has more physical nets than the threshold. One or more of the nets may be a power net. Electrical nets will not be generated.
Warning: Electrical net DAC.5^^^ has more physical nets than the threshold. One or more of the nets may be a power net. Electrical nets will not be generated.
Warning: Electrical net DAC.6^^^ has more physical nets than the threshold. One or more of the nets may be a power net. Electrical nets will not be generated.
Fri Jun 03 19:51:25 2022

Note: EnetGenAdapter::Init(C:\Mentor_proj\450\450.cdb\Layout\)
Note: EnetGenAdapter::Import()
Warning: Electrical net DAC.4^^^ has more physical nets than the threshold. One or more of the nets may be a power net. Electrical nets will not be generated.
Warning: Electrical net DAC.5^^^ has more physical nets than the threshold. One or more of the nets may be a power net. Electrical nets will not be generated.
Warning: Electrical net DAC.6^^^ has more physical nets than the threshold. One or more of the nets may be a power net. Electrical nets will not be generated.
Fri Jun 03 20:01:56 2022

Note: EnetGenAdapter::Init(C:\Mentor_proj\450\450.cdb\Layout\)
Note: EnetGenAdapter::Import()
Warning: Electrical net DAC.4^^^ has more physical nets than the threshold. One or more of the nets may be a power net. Electrical nets will not be generated.
Warning: Electrical net DAC.5^^^ has more physical nets than the threshold. One or more of the nets may be a power net. Electrical nets will not be generated.
Warning: Electrical net DAC.6^^^ has more physical nets than the threshold. One or more of the nets may be a power net. Electrical nets will not be generated.
Sat Jun 04 13:44:15 2022

Note: EnetGenAdapter::Init(C:\Mentor_proj\450\450.cdb\Layout\)
Note: EnetGenAdapter::Import()
Warning: Electrical net DAC.4^^^ has more physical nets than the threshold. One or more of the nets may be a power net. Electrical nets will not be generated.
Warning: Electrical net DAC.5^^^ has more physical nets than the threshold. One or more of the nets may be a power net. Electrical nets will not be generated.
Warning: Electrical net DAC.6^^^ has more physical nets than the threshold. One or more of the nets may be a power net. Electrical nets will not be generated.
Sat Jun 04 15:15:07 2022

Note: EnetGenAdapter::Init(C:\Mentor_proj\450\450.cdb\Layout\)
Note: EnetGenAdapter::Import()
Warning: Electrical net DAC.4^^^ has more physical nets than the threshold. One or more of the nets may be a power net. Electrical nets will not be generated.
Warning: Electrical net DAC.5^^^ has more physical nets than the threshold. One or more of the nets may be a power net. Electrical nets will not be generated.
Warning: Electrical net DAC.6^^^ has more physical nets than the threshold. One or more of the nets may be a power net. Electrical nets will not be generated.
Mon Jun 06 11:40:09 2022

Note: EnetGenAdapter::Init(C:\Mentor_proj\450\450.cdb\Layout\)
Note: EnetGenAdapter::Import()
Warning: Electrical net DAC.1^^^ has more physical nets than the threshold. One or more of the nets may be a power net. Electrical nets will not be generated.
Warning: Electrical net DAC.2^^^ has more physical nets than the threshold. One or more of the nets may be a power net. Electrical nets will not be generated.
Warning: Electrical net DAC.3^^^ has more physical nets than the threshold. One or more of the nets may be a power net. Electrical nets will not be generated.
Warning: Electrical net DAC.4^^^ has more physical nets than the threshold. One or more of the nets may be a power net. Electrical nets will not be generated.
Warning: Electrical net DAC.5^^^ has more physical nets than the threshold. One or more of the nets may be a power net. Electrical nets will not be generated.
Warning: Electrical net DAC.6^^^ has more physical nets than the threshold. One or more of the nets may be a power net. Electrical nets will not be generated.
Mon Jun 06 17:20:36 2022

Note: EnetGenAdapter::Init(C:\Mentor_proj\450\450.cdb\Layout\)
Note: EnetGenAdapter::Import()
Warning: Electrical net DAC.1^^^ has more physical nets than the threshold. One or more of the nets may be a power net. Electrical nets will not be generated.
Warning: Electrical net DAC.2^^^ has more physical nets than the threshold. One or more of the nets may be a power net. Electrical nets will not be generated.
Warning: Electrical net DAC.3^^^ has more physical nets than the threshold. One or more of the nets may be a power net. Electrical nets will not be generated.
Warning: Electrical net DAC.4^^^ has more physical nets than the threshold. One or more of the nets may be a power net. Electrical nets will not be generated.
Warning: Electrical net DAC.5^^^ has more physical nets than the threshold. One or more of the nets may be a power net. Electrical nets will not be generated.
Warning: Electrical net DAC.6^^^ has more physical nets than the threshold. One or more of the nets may be a power net. Electrical nets will not be generated.
Mon Jun 06 19:41:47 2022

Note: EnetGenAdapter::Init(C:\Mentor_proj\450\450.cdb\Layout\)
Note: EnetGenAdapter::Import()
Warning: Electrical net DAC.1^^^ has more physical nets than the threshold. One or more of the nets may be a power net. Electrical nets will not be generated.
Warning: Electrical net DAC.2^^^ has more physical nets than the threshold. One or more of the nets may be a power net. Electrical nets will not be generated.
Warning: Electrical net DAC.3^^^ has more physical nets than the threshold. One or more of the nets may be a power net. Electrical nets will not be generated.
Warning: Electrical net DAC.4^^^ has more physical nets than the threshold. One or more of the nets may be a power net. Electrical nets will not be generated.
Warning: Electrical net DAC.5^^^ has more physical nets than the threshold. One or more of the nets may be a power net. Electrical nets will not be generated.
Warning: Electrical net DAC.6^^^ has more physical nets than the threshold. One or more of the nets may be a power net. Electrical nets will not be generated.
Sat Jun 11 11:32:55 2022

Note: EnetGenAdapter::Init(C:\Mentor_proj\450\450.cdb\Layout\)
Note: EnetGenAdapter::Import()
Warning: Electrical net DAC.1^^^ has more physical nets than the threshold. One or more of the nets may be a power net. Electrical nets will not be generated.
Warning: Electrical net DAC.2^^^ has more physical nets than the threshold. One or more of the nets may be a power net. Electrical nets will not be generated.
Warning: Electrical net DAC.3^^^ has more physical nets than the threshold. One or more of the nets may be a power net. Electrical nets will not be generated.
Warning: Electrical net DAC.4^^^ has more physical nets than the threshold. One or more of the nets may be a power net. Electrical nets will not be generated.
Warning: Electrical net DAC.5^^^ has more physical nets than the threshold. One or more of the nets may be a power net. Electrical nets will not be generated.
Warning: Electrical net DAC.6^^^ has more physical nets than the threshold. One or more of the nets may be a power net. Electrical nets will not be generated.
Sat Jun 11 11:43:59 2022

Note: EnetGenAdapter::Init(C:\Mentor_proj\450\450.cdb\Layout\)
Note: EnetGenAdapter::Import()
Warning: Electrical net DAC.1^^^ has more physical nets than the threshold. One or more of the nets may be a power net. Electrical nets will not be generated.
Warning: Electrical net DAC.2^^^ has more physical nets than the threshold. One or more of the nets may be a power net. Electrical nets will not be generated.
Warning: Electrical net DAC.3^^^ has more physical nets than the threshold. One or more of the nets may be a power net. Electrical nets will not be generated.
Warning: Electrical net DAC.4^^^ has more physical nets than the threshold. One or more of the nets may be a power net. Electrical nets will not be generated.
Warning: Electrical net DAC.5^^^ has more physical nets than the threshold. One or more of the nets may be a power net. Electrical nets will not be generated.
Warning: Electrical net DAC.6^^^ has more physical nets than the threshold. One or more of the nets may be a power net. Electrical nets will not be generated.
Sat Jun 11 15:40:15 2022

Note: EnetGenAdapter::Init(C:\Mentor_proj\450\450.cdb\Layout\)
Note: EnetGenAdapter::Import()
Warning: Electrical net DAC.1^^^ has more physical nets than the threshold. One or more of the nets may be a power net. Electrical nets will not be generated.
Warning: Electrical net DAC.2^^^ has more physical nets than the threshold. One or more of the nets may be a power net. Electrical nets will not be generated.
Warning: Electrical net DAC.3^^^ has more physical nets than the threshold. One or more of the nets may be a power net. Electrical nets will not be generated.
Warning: Electrical net DAC.4^^^ has more physical nets than the threshold. One or more of the nets may be a power net. Electrical nets will not be generated.
Warning: Electrical net DAC.5^^^ has more physical nets than the threshold. One or more of the nets may be a power net. Electrical nets will not be generated.
Warning: Electrical net DAC.6^^^ has more physical nets than the threshold. One or more of the nets may be a power net. Electrical nets will not be generated.
Sat Jun 11 17:23:49 2022

Note: EnetGenAdapter::Init(C:\Mentor_proj\450\450.cdb\Layout\)
Note: EnetGenAdapter::Import()
Warning: Electrical net DAC.1^^^ has more physical nets than the threshold. One or more of the nets may be a power net. Electrical nets will not be generated.
Warning: Electrical net DAC.2^^^ has more physical nets than the threshold. One or more of the nets may be a power net. Electrical nets will not be generated.
Warning: Electrical net DAC.3^^^ has more physical nets than the threshold. One or more of the nets may be a power net. Electrical nets will not be generated.
Warning: Electrical net DAC.4^^^ has more physical nets than the threshold. One or more of the nets may be a power net. Electrical nets will not be generated.
Warning: Electrical net DAC.5^^^ has more physical nets than the threshold. One or more of the nets may be a power net. Electrical nets will not be generated.
Warning: Electrical net DAC.6^^^ has more physical nets than the threshold. One or more of the nets may be a power net. Electrical nets will not be generated.
Mon Jun 13 13:03:22 2022

Note: EnetGenAdapter::Init(C:\Mentor_proj\450\450.cdb\Layout\)
Note: EnetGenAdapter::Import()
Warning: Electrical net DAC.1^^^ has more physical nets than the threshold. One or more of the nets may be a power net. Electrical nets will not be generated.
Warning: Electrical net DAC.2^^^ has more physical nets than the threshold. One or more of the nets may be a power net. Electrical nets will not be generated.
Warning: Electrical net DAC.3^^^ has more physical nets than the threshold. One or more of the nets may be a power net. Electrical nets will not be generated.
Warning: Electrical net DAC.4^^^ has more physical nets than the threshold. One or more of the nets may be a power net. Electrical nets will not be generated.
Warning: Electrical net DAC.5^^^ has more physical nets than the threshold. One or more of the nets may be a power net. Electrical nets will not be generated.
Warning: Electrical net DAC.6^^^ has more physical nets than the threshold. One or more of the nets may be a power net. Electrical nets will not be generated.
Thu Jun 16 12:10:27 2022

Note: EnetGenAdapter::Init(C:\Mentor_proj\450\450.cdb\Layout\)
Note: EnetGenAdapter::Import()
Warning: Electrical net DAC.1^^^ has more physical nets than the threshold. One or more of the nets may be a power net. Electrical nets will not be generated.
Warning: Electrical net DAC.2^^^ has more physical nets than the threshold. One or more of the nets may be a power net. Electrical nets will not be generated.
Warning: Electrical net DAC.3^^^ has more physical nets than the threshold. One or more of the nets may be a power net. Electrical nets will not be generated.
Warning: Electrical net DAC.4^^^ has more physical nets than the threshold. One or more of the nets may be a power net. Electrical nets will not be generated.
Warning: Electrical net DAC.5^^^ has more physical nets than the threshold. One or more of the nets may be a power net. Electrical nets will not be generated.
Warning: Electrical net DAC.6^^^ has more physical nets than the threshold. One or more of the nets may be a power net. Electrical nets will not be generated.
Thu Jun 16 13:04:00 2022

Note: EnetGenAdapter::Init(C:\Mentor_proj\450\450.cdb\Layout\)
Note: EnetGenAdapter::Import()
Warning: Electrical net DAC.1^^^ has more physical nets than the threshold. One or more of the nets may be a power net. Electrical nets will not be generated.
Warning: Electrical net DAC.2^^^ has more physical nets than the threshold. One or more of the nets may be a power net. Electrical nets will not be generated.
Warning: Electrical net DAC.3^^^ has more physical nets than the threshold. One or more of the nets may be a power net. Electrical nets will not be generated.
Warning: Electrical net DAC.4^^^ has more physical nets than the threshold. One or more of the nets may be a power net. Electrical nets will not be generated.
Warning: Electrical net DAC.5^^^ has more physical nets than the threshold. One or more of the nets may be a power net. Electrical nets will not be generated.
Warning: Electrical net DAC.6^^^ has more physical nets than the threshold. One or more of the nets may be a power net. Electrical nets will not be generated.
Thu Jun 16 13:25:46 2022

Note: EnetGenAdapter::Init(C:\Mentor_proj\450\450.cdb\Layout\)
Note: EnetGenAdapter::Import()
Warning: Electrical net DAC.1^^^ has more physical nets than the threshold. One or more of the nets may be a power net. Electrical nets will not be generated.
Warning: Electrical net DAC.2^^^ has more physical nets than the threshold. One or more of the nets may be a power net. Electrical nets will not be generated.
Warning: Electrical net DAC.3^^^ has more physical nets than the threshold. One or more of the nets may be a power net. Electrical nets will not be generated.
Warning: Electrical net DAC.4^^^ has more physical nets than the threshold. One or more of the nets may be a power net. Electrical nets will not be generated.
Warning: Electrical net DAC.5^^^ has more physical nets than the threshold. One or more of the nets may be a power net. Electrical nets will not be generated.
Warning: Electrical net DAC.6^^^ has more physical nets than the threshold. One or more of the nets may be a power net. Electrical nets will not be generated.
Thu Jun 16 13:34:09 2022

Note: EnetGenAdapter::Init(C:\Mentor_proj\450\450.cdb\Layout\)
Note: EnetGenAdapter::Import()
Warning: Electrical net DAC.1^^^ has more physical nets than the threshold. One or more of the nets may be a power net. Electrical nets will not be generated.
Warning: Electrical net DAC.2^^^ has more physical nets than the threshold. One or more of the nets may be a power net. Electrical nets will not be generated.
Warning: Electrical net DAC.3^^^ has more physical nets than the threshold. One or more of the nets may be a power net. Electrical nets will not be generated.
Warning: Electrical net DAC.4^^^ has more physical nets than the threshold. One or more of the nets may be a power net. Electrical nets will not be generated.
Warning: Electrical net DAC.5^^^ has more physical nets than the threshold. One or more of the nets may be a power net. Electrical nets will not be generated.
Warning: Electrical net DAC.6^^^ has more physical nets than the threshold. One or more of the nets may be a power net. Electrical nets will not be generated.
Thu Jun 16 13:53:07 2022

Note: EnetGenAdapter::Init(C:\Mentor_proj\450\450.cdb\Layout\)
Note: EnetGenAdapter::Import()
Warning: Electrical net DAC.1^^^ has more physical nets than the threshold. One or more of the nets may be a power net. Electrical nets will not be generated.
Warning: Electrical net DAC.2^^^ has more physical nets than the threshold. One or more of the nets may be a power net. Electrical nets will not be generated.
Warning: Electrical net DAC.3^^^ has more physical nets than the threshold. One or more of the nets may be a power net. Electrical nets will not be generated.
Warning: Electrical net DAC.4^^^ has more physical nets than the threshold. One or more of the nets may be a power net. Electrical nets will not be generated.
Warning: Electrical net DAC.5^^^ has more physical nets than the threshold. One or more of the nets may be a power net. Electrical nets will not be generated.
Warning: Electrical net DAC.6^^^ has more physical nets than the threshold. One or more of the nets may be a power net. Electrical nets will not be generated.
Thu Jun 16 15:45:18 2022

Note: EnetGenAdapter::Init(C:\Mentor_proj\450\450.cdb\Layout\)
Note: EnetGenAdapter::Import()
Warning: Electrical net DAC.1^^^ has more physical nets than the threshold. One or more of the nets may be a power net. Electrical nets will not be generated.
Warning: Electrical net DAC.2^^^ has more physical nets than the threshold. One or more of the nets may be a power net. Electrical nets will not be generated.
Warning: Electrical net DAC.3^^^ has more physical nets than the threshold. One or more of the nets may be a power net. Electrical nets will not be generated.
Warning: Electrical net DAC.4^^^ has more physical nets than the threshold. One or more of the nets may be a power net. Electrical nets will not be generated.
Warning: Electrical net DAC.5^^^ has more physical nets than the threshold. One or more of the nets may be a power net. Electrical nets will not be generated.
Warning: Electrical net DAC.6^^^ has more physical nets than the threshold. One or more of the nets may be a power net. Electrical nets will not be generated.
Thu Jun 16 16:15:34 2022

Note: EnetGenAdapter::Init(C:\Mentor_proj\450\450.cdb\Layout\)
Note: EnetGenAdapter::Import()
Warning: Electrical net DAC.1^^^ has more physical nets than the threshold. One or more of the nets may be a power net. Electrical nets will not be generated.
Warning: Electrical net DAC.2^^^ has more physical nets than the threshold. One or more of the nets may be a power net. Electrical nets will not be generated.
Warning: Electrical net DAC.3^^^ has more physical nets than the threshold. One or more of the nets may be a power net. Electrical nets will not be generated.
Warning: Electrical net DAC.4^^^ has more physical nets than the threshold. One or more of the nets may be a power net. Electrical nets will not be generated.
Warning: Electrical net DAC.5^^^ has more physical nets than the threshold. One or more of the nets may be a power net. Electrical nets will not be generated.
Warning: Electrical net DAC.6^^^ has more physical nets than the threshold. One or more of the nets may be a power net. Electrical nets will not be generated.
Thu Jun 16 17:10:23 2022

Note: EnetGenAdapter::Init(C:\Mentor_proj\450\450.cdb\Layout\)
Note: EnetGenAdapter::Import()
Warning: Electrical net DAC.1^^^ has more physical nets than the threshold. One or more of the nets may be a power net. Electrical nets will not be generated.
Warning: Electrical net DAC.2^^^ has more physical nets than the threshold. One or more of the nets may be a power net. Electrical nets will not be generated.
Warning: Electrical net DAC.3^^^ has more physical nets than the threshold. One or more of the nets may be a power net. Electrical nets will not be generated.
Warning: Electrical net DAC.4^^^ has more physical nets than the threshold. One or more of the nets may be a power net. Electrical nets will not be generated.
Warning: Electrical net DAC.5^^^ has more physical nets than the threshold. One or more of the nets may be a power net. Electrical nets will not be generated.
Warning: Electrical net DAC.6^^^ has more physical nets than the threshold. One or more of the nets may be a power net. Electrical nets will not be generated.
Fri Dec 16 15:56:23 2022

Note: EnetGenAdapter::Init(C:\Mentor_proj\450\450.cdb\Layout\)
Note: EnetGenAdapter::Import()
Warning: Electrical net DAC.1^^^ has more physical nets than the threshold. One or more of the nets may be a power net. Electrical nets will not be generated.
Warning: Electrical net DAC.2^^^ has more physical nets than the threshold. One or more of the nets may be a power net. Electrical nets will not be generated.
Warning: Electrical net DAC.3^^^ has more physical nets than the threshold. One or more of the nets may be a power net. Electrical nets will not be generated.
Warning: Electrical net DAC.4^^^ has more physical nets than the threshold. One or more of the nets may be a power net. Electrical nets will not be generated.
Warning: Electrical net DAC.5^^^ has more physical nets than the threshold. One or more of the nets may be a power net. Electrical nets will not be generated.
Warning: Electrical net DAC.6^^^ has more physical nets than the threshold. One or more of the nets may be a power net. Electrical nets will not be generated.
