
*** Running vivado
    with args -log leds.vds -m64 -product Vivado -mode batch -messageDb vivado.pb -notrace -source leds.tcl


****** Vivado v2019.1 (64-bit)
  **** SW Build 2552052 on Fri May 24 14:49:42 MDT 2019
  **** IP Build 2548770 on Fri May 24 18:01:18 MDT 2019
    ** Copyright 1986-2019 Xilinx, Inc. All Rights Reserved.

source leds.tcl -notrace
Command: synth_design -top leds -part xc7a100tcsg324-1
Starting synth_design
Attempting to get a license for feature 'Synthesis' and/or device 'xc7a100t'
INFO: [Common 17-349] Got license for feature 'Synthesis' and/or device 'xc7a100t'
INFO: [Device 21-403] Loading part xc7a100tcsg324-1
INFO: Launching helper process for spawning children vivado processes
INFO: Helper process launched with PID 15540 
---------------------------------------------------------------------------------
Starting RTL Elaboration : Time (s): cpu = 00:00:03 ; elapsed = 00:00:03 . Memory (MB): peak = 812.625 ; gain = 179.242
---------------------------------------------------------------------------------
INFO: [Synth 8-6157] synthesizing module 'leds' [C:/project/vivado/6.111.1/rtl/leds.sv:1]
ERROR: [Synth 8-27] procedural assign not supported [C:/project/vivado/6.111.1/rtl/leds.sv:30]
ERROR: [Synth 8-6156] failed synthesizing module 'leds' [C:/project/vivado/6.111.1/rtl/leds.sv:1]
---------------------------------------------------------------------------------
Finished RTL Elaboration : Time (s): cpu = 00:00:04 ; elapsed = 00:00:04 . Memory (MB): peak = 875.797 ; gain = 242.414
---------------------------------------------------------------------------------
RTL Elaboration failed
INFO: [Common 17-83] Releasing license: Synthesis
4 Infos, 0 Warnings, 0 Critical Warnings and 3 Errors encountered.
synth_design failed
ERROR: [Common 17-69] Command failed: Synthesis failed - please see the console or run log file for details
INFO: [Common 17-206] Exiting Vivado at Thu May  9 15:24:25 2024...
