CES Expedition Interface Log
----------------------------------

Tue Nov 02 22:16:10 2021

Note: Updating CES from Expedition database C:\Mentor_proj\408\PCB\Work\Layout_Temp\\
Note: Expedition update completed successfully
Tue Nov 02 22:19:54 2021

Note: Exporting data to Expedition database C:\Mentor_proj\408\PCB\Work\Layout_Temp\\
Note: Expedition export completed successfully.
Tue Dec 07 18:07:00 2021

Note: Updating CES from Expedition database C:\Mentor_proj\408\PCB\Work\Layout_Temp\\
Note: Expedition update completed successfully
Tue Dec 07 18:08:22 2021

Note: Exporting data to Expedition database C:\Mentor_proj\408\PCB\Work\Layout_Temp\\
Note: Expedition export completed successfully.
Fri Jun 03 20:03:14 2022

Note: Updating CES from Expedition database C:\Mentor_proj\450\PCB\Work\Layout_Temp\\
Note: Expedition update completed successfully
Mon Jul 04 13:36:56 2022

Note: Updating CES from Expedition database C:\Mentor_proj\450\PCB\Work\Layout_Temp\\
Note: Expedition update completed successfully
Mon Jul 04 13:38:24 2022

Note: Exporting data to Expedition database C:\Mentor_proj\450\PCB\Work\Layout_Temp\\
Note: Expedition export completed successfully.
