Tue Nov 02 22:16:10 2021

Note: EnetGenAdapter::Init(C:\Mentor_proj\408\PCB\Work\Layout_Temp\\)
Note: EnetGenAdapter::PreUpdate(C:\Mentor_proj\408\PCB\Work\Layout_Temp\\)
Note: EnetGenAdapter::Update(C:\Mentor_proj\408\PCB\Work\Layout_Temp\\)
Note: EnetGenAdapter::PostUpdate(1, C:\Mentor_proj\408\PCB\Work\Layout_Temp\\)
Note: EnetGenAdapter::PostSave(1, C:\Mentor_proj\408\PCB\Work\Layout_Temp\\)
Note:   Data IS modified.
Tue Nov 02 22:16:12 2021

Note: EnetGenAdapter::Init(C:\Mentor_proj\408\PCB\Work\Layout_Temp\\)
Note: EnetGenAdapter::PreSave(C:\Mentor_proj\408\PCB\Work\Layout_Temp\\)
Note: EnetGenAdapter::PostSave(1, C:\Mentor_proj\408\PCB\Work\Layout_Temp\\)
Note:   Data IS NOT modified.
Tue Dec 07 18:07:00 2021

Note: EnetGenAdapter::Init(C:\Mentor_proj\408\PCB\Work\Layout_Temp\\)
Note: EnetGenAdapter::PreUpdate(C:\Mentor_proj\408\PCB\Work\Layout_Temp\\)
Note: EnetGenAdapter::Update(C:\Mentor_proj\408\PCB\Work\Layout_Temp\\)
Note: EnetGenAdapter::PostUpdate(1, C:\Mentor_proj\408\PCB\Work\Layout_Temp\\)
Note: EnetGenAdapter::PostSave(1, C:\Mentor_proj\408\PCB\Work\Layout_Temp\\)
Note:   Data IS modified.
Tue Dec 07 18:07:04 2021

Note: EnetGenAdapter::Init(C:\Mentor_proj\408\PCB\Work\Layout_Temp\\)
Note: EnetGenAdapter::PreSave(C:\Mentor_proj\408\PCB\Work\Layout_Temp\\)
Note: EnetGenAdapter::PostSave(1, C:\Mentor_proj\408\PCB\Work\Layout_Temp\\)
Note:   Data IS NOT modified.
Fri Jun 03 20:03:13 2022

Note: EnetGenAdapter::Init(C:\Mentor_proj\450\PCB\Work\Layout_Temp\\)
Note: EnetGenAdapter::PreUpdate(C:\Mentor_proj\450\PCB\Work\Layout_Temp\\)
Note: EnetGenAdapter::Update(C:\Mentor_proj\450\PCB\Work\Layout_Temp\\)
Warning: Electrical net DAC.4^^^ has more physical nets than the threshold. One or more of the nets may be a power net. Electrical nets will not be generated.
Warning: Electrical net DAC.5^^^ has more physical nets than the threshold. One or more of the nets may be a power net. Electrical nets will not be generated.
Warning: Electrical net DAC.6^^^ has more physical nets than the threshold. One or more of the nets may be a power net. Electrical nets will not be generated.
Note: EnetGenAdapter::PostUpdate(1, C:\Mentor_proj\450\PCB\Work\Layout_Temp\\)
Note: EnetGenAdapter::PostSave(1, C:\Mentor_proj\450\PCB\Work\Layout_Temp\\)
Note:   Data IS modified.
Fri Jun 03 20:03:17 2022

Note: EnetGenAdapter::Init(C:\Mentor_proj\450\PCB\Work\Layout_Temp\\)
Mon Jul 04 13:36:55 2022

Note: EnetGenAdapter::Init(C:\Mentor_proj\450\PCB\Work\Layout_Temp\\)
Note: EnetGenAdapter::PreUpdate(C:\Mentor_proj\450\PCB\Work\Layout_Temp\\)
Note: EnetGenAdapter::Update(C:\Mentor_proj\450\PCB\Work\Layout_Temp\\)
Warning: Electrical net DAC.1^^^ has more physical nets than the threshold. One or more of the nets may be a power net. Electrical nets will not be generated.
Warning: Electrical net DAC.2^^^ has more physical nets than the threshold. One or more of the nets may be a power net. Electrical nets will not be generated.
Warning: Electrical net DAC.3^^^ has more physical nets than the threshold. One or more of the nets may be a power net. Electrical nets will not be generated.
Warning: Electrical net DAC.4^^^ has more physical nets than the threshold. One or more of the nets may be a power net. Electrical nets will not be generated.
Warning: Electrical net DAC.5^^^ has more physical nets than the threshold. One or more of the nets may be a power net. Electrical nets will not be generated.
Warning: Electrical net DAC.6^^^ has more physical nets than the threshold. One or more of the nets may be a power net. Electrical nets will not be generated.
Note: EnetGenAdapter::PostUpdate(1, C:\Mentor_proj\450\PCB\Work\Layout_Temp\\)
Note: EnetGenAdapter::PostSave(1, C:\Mentor_proj\450\PCB\Work\Layout_Temp\\)
Note:   Data IS modified.
Mon Jul 04 13:36:58 2022

Note: EnetGenAdapter::Init(C:\Mentor_proj\450\PCB\Work\Layout_Temp\\)
Note: EnetGenAdapter::PreSave(C:\Mentor_proj\450\PCB\Work\Layout_Temp\\)
Note: EnetGenAdapter::PostSave(1, C:\Mentor_proj\450\PCB\Work\Layout_Temp\\)
Note:   Data IS NOT modified.
